21:53:29.929 [DEBUG] [org.gradle.launcher.daemon.bootstrap.DaemonMain] Assuming the daemon was started with following jvm opts: [-XX:+HeapDumpOnOutOfMemoryError, -Xmx1024m, -Dfile.encoding=UTF-8, -Duser.country, -Duser.language=en, -Duser.variant]
21:53:30.577 [INFO] [org.gradle.launcher.daemon.server.Daemon] start() called on daemon - DefaultDaemonContext[uid=8aedcdeb-60b7-4696-a229-17c057bb2d73,javaHome=/opt/jdk1.8.0_172,daemonRegistryDir=/app/cache/daemon,pid=33,idleTimeout=10800000,daemonOpts=-XX:+HeapDumpOnOutOfMemoryError,-Xmx1024m,-Dfile.encoding=UTF-8,-Duser.country,-Duser.language=en,-Duser.variant]
21:53:30.683 [DEBUG] [org.gradle.internal.remote.internal.inet.InetAddresses] Adding IP addresses for network interface eth0
21:53:30.698 [DEBUG] [org.gradle.internal.remote.internal.inet.InetAddresses] Is this a loopback interface? false
21:53:30.701 [DEBUG] [org.gradle.internal.remote.internal.inet.InetAddresses] Is this a multicast interface? true
21:53:30.705 [DEBUG] [org.gradle.internal.remote.internal.inet.InetAddresses] Adding remote address /172.18.0.3
21:53:30.708 [DEBUG] [org.gradle.internal.remote.internal.inet.InetAddresses] Adding remote multicast interface eth0
21:53:30.712 [DEBUG] [org.gradle.internal.remote.internal.inet.InetAddresses] Adding IP addresses for network interface lo
21:53:30.731 [DEBUG] [org.gradle.internal.remote.internal.inet.InetAddresses] Is this a loopback interface? true
21:53:30.741 [DEBUG] [org.gradle.internal.remote.internal.inet.InetAddresses] Is this a multicast interface? false
21:53:30.750 [DEBUG] [org.gradle.internal.remote.internal.inet.InetAddresses] Adding loopback address /127.0.0.1
21:53:30.761 [DEBUG] [org.gradle.internal.remote.internal.inet.TcpIncomingConnector] Listening on [db07fdc4-4f1b-4164-8efc-b437b302c87e port:33569, addresses:[/127.0.0.1]].
21:53:30.813 [DEBUG] [org.gradle.launcher.daemon.server.Daemon] Daemon starting at: Fri Jun 08 21:53:30 GMT 2018, with address: [db07fdc4-4f1b-4164-8efc-b437b302c87e port:33569, addresses:[/127.0.0.1]]
21:53:30.840 [INFO] [org.gradle.launcher.daemon.server.DaemonRegistryUpdater] Advertising the daemon address to the clients: [db07fdc4-4f1b-4164-8efc-b437b302c87e port:33569, addresses:[/127.0.0.1]]
21:53:30.846 [DEBUG] [org.gradle.launcher.daemon.server.DaemonRegistryUpdater] Advertised daemon context: DefaultDaemonContext[uid=8aedcdeb-60b7-4696-a229-17c057bb2d73,javaHome=/opt/jdk1.8.0_172,daemonRegistryDir=/app/cache/daemon,pid=33,idleTimeout=10800000,daemonOpts=-XX:+HeapDumpOnOutOfMemoryError,-Xmx1024m,-Dfile.encoding=UTF-8,-Duser.country,-Duser.language=en,-Duser.variant]
21:53:30.852 [DEBUG] [org.gradle.launcher.daemon.registry.PersistentDaemonRegistry] Storing daemon address: [db07fdc4-4f1b-4164-8efc-b437b302c87e port:33569, addresses:[/127.0.0.1]], context: DefaultDaemonContext[uid=8aedcdeb-60b7-4696-a229-17c057bb2d73,javaHome=/opt/jdk1.8.0_172,daemonRegistryDir=/app/cache/daemon,pid=33,idleTimeout=10800000,daemonOpts=-XX:+HeapDumpOnOutOfMemoryError,-Xmx1024m,-Dfile.encoding=UTF-8,-Duser.country,-Duser.language=en,-Duser.variant]
21:53:30.904 [DEBUG] [org.gradle.cache.internal.DefaultFileLockManager] Waiting to acquire exclusive lock on daemon addresses registry.
21:53:30.922 [DEBUG] [org.gradle.cache.internal.DefaultFileLockManager] Lock acquired on daemon addresses registry.
21:53:31.031 [DEBUG] [org.gradle.cache.internal.DefaultFileLockManager] Releasing lock on daemon addresses registry.
21:53:31.043 [LIFECYCLE] [org.gradle.launcher.daemon.server.Daemon] Daemon server started.
21:53:31.065 [DEBUG] [org.gradle.launcher.daemon.bootstrap.DaemonStartupCommunication] Completed writing the daemon greeting. Closing streams...
21:53:31.131 [DEBUG] [org.gradle.launcher.daemon.server.Daemon] stopOnExpiration() called on daemon
21:53:31.204 [DEBUG] [org.gradle.internal.remote.internal.inet.TcpIncomingConnector] Accepted connection from /127.0.0.1:51620 to /127.0.0.1:33569.
21:53:31.204 [DEBUG] [org.gradle.launcher.daemon.server.Daemon] awaitExpiration() called on daemon
21:53:31.240 [DEBUG] [org.gradle.launcher.daemon.server.DaemonStateCoordinator] daemon is running. Sleeping until state changes.
21:53:31.871 [DEBUG] [org.gradle.launcher.daemon.server.SynchronizedDispatchConnection] thread 14: received class org.gradle.launcher.daemon.protocol.Build
21:53:31.889 [DEBUG] [org.gradle.launcher.daemon.server.DefaultDaemonConnection] thread 14: Received non-IO message from client: Build{id=9af71f62-1f51-42ef-9610-ebb6f10c0950.1, currentDir=/app}
21:53:31.892 [INFO] [org.gradle.launcher.daemon.server.DefaultIncomingConnectionHandler] Received command: Build{id=9af71f62-1f51-42ef-9610-ebb6f10c0950.1, currentDir=/app}.
21:53:31.896 [DEBUG] [org.gradle.launcher.daemon.server.DefaultIncomingConnectionHandler] Starting executing command: Build{id=9af71f62-1f51-42ef-9610-ebb6f10c0950.1, currentDir=/app} with connection: socket connection from /127.0.0.1:33569 to /127.0.0.1:51620.
21:53:31.910 [ERROR] [org.gradle.launcher.daemon.server.DaemonStateCoordinator] Command execution: started DaemonCommandExecution[command = Build{id=9af71f62-1f51-42ef-9610-ebb6f10c0950.1, currentDir=/app}, connection = DefaultDaemonConnection: socket connection from /127.0.0.1:33569 to /127.0.0.1:51620] after 0.0 minutes of idle
21:53:31.916 [INFO] [org.gradle.launcher.daemon.server.DaemonRegistryUpdater] Marking the daemon as busy, address: [db07fdc4-4f1b-4164-8efc-b437b302c87e port:33569, addresses:[/127.0.0.1]]
21:53:31.921 [DEBUG] [org.gradle.launcher.daemon.registry.PersistentDaemonRegistry] Marking busy by address: [db07fdc4-4f1b-4164-8efc-b437b302c87e port:33569, addresses:[/127.0.0.1]]
21:53:31.957 [DEBUG] [org.gradle.cache.internal.DefaultFileLockManager] Waiting to acquire exclusive lock on daemon addresses registry.
21:53:31.965 [DEBUG] [org.gradle.cache.internal.DefaultFileLockManager] Lock acquired on daemon addresses registry.
21:53:31.982 [DEBUG] [org.gradle.cache.internal.DefaultFileLockManager] Releasing lock on daemon addresses registry.
21:53:31.989 [DEBUG] [org.gradle.launcher.daemon.server.DaemonStateCoordinator] resetting idle timer
21:53:31.992 [DEBUG] [org.gradle.launcher.daemon.server.DaemonStateCoordinator] daemon is running. Sleeping until state changes.
21:53:31.994 [INFO] [org.gradle.launcher.daemon.server.exec.StartBuildOrRespondWithBusy] Daemon is about to start building Build{id=9af71f62-1f51-42ef-9610-ebb6f10c0950.1, currentDir=/app}. Dispatching build started information...
21:53:31.999 [DEBUG] [org.gradle.launcher.daemon.server.SynchronizedDispatchConnection] thread 16: dispatching class org.gradle.launcher.daemon.protocol.BuildStarted
21:53:32.056 [DEBUG] [org.gradle.launcher.daemon.server.exec.EstablishBuildEnvironment] Configuring env variables: {PATH=/usr/local/sbin:/usr/local/bin:/usr/sbin:/usr/bin:/sbin:/bin:/opt/jdk/bin, JAVA_JCE=unlimited, SPRING_PROFILES_ACTIVE=dev, JAVA_HOME=/opt/jdk, OLDPWD=/app, GLIBC_VERSION=2.27-r0, LANG=C.UTF-8, JAVA_VERSION_MAJOR=8, GRADLE_USER_HOME=cache, HOSTNAME=d9b9020d671a, GLIBC_REPO=https://github.com/sgerrand/alpine-pkg-glibc, JAVA_VERSION_MINOR=172, PWD=/app, JAVA_PACKAGE=jdk, JAVA_VERSION_BUILD=11, HOME=/root, SHLVL=1}
21:53:32.200 [DEBUG] [org.gradle.launcher.daemon.server.exec.LogToClient] About to start relaying all logs to the client via the connection.
21:53:32.210 [DEBUG] [org.gradle.launcher.daemon.server.SynchronizedDispatchConnection] thread 14: received class org.gradle.launcher.daemon.protocol.CloseInput
21:53:32.221 [DEBUG] [org.gradle.launcher.daemon.server.DefaultDaemonConnection] thread 14: Received IO message from client: org.gradle.launcher.daemon.protocol.CloseInput@676e5c41
21:53:32.227 [INFO] [org.gradle.launcher.daemon.server.exec.LogToClient] The client will now receive all logging from the daemon (pid: 33). The daemon log file: /app/cache/daemon/4.5.1/daemon-33.out.log
21:53:32.232 [INFO] [org.gradle.launcher.daemon.server.exec.LogAndCheckHealth] Starting build in new daemon [memory: 954.7 MB]
21:53:32.238 [INFO] [org.gradle.launcher.daemon.server.exec.ForwardClientInput] Closing daemon's stdin at end of input.
21:53:32.256 [INFO] [org.gradle.launcher.daemon.server.exec.ForwardClientInput] The daemon will no longer process any standard input.
21:53:32.274 [DEBUG] [org.gradle.launcher.daemon.server.exec.ExecuteBuild] The daemon has started executing the build.
21:53:32.301 [DEBUG] [org.gradle.launcher.daemon.server.exec.ExecuteBuild] Executing build with daemon context: DefaultDaemonContext[uid=8aedcdeb-60b7-4696-a229-17c057bb2d73,javaHome=/opt/jdk1.8.0_172,daemonRegistryDir=/app/cache/daemon,pid=33,idleTimeout=10800000,daemonOpts=-XX:+HeapDumpOnOutOfMemoryError,-Xmx1024m,-Dfile.encoding=UTF-8,-Duser.country,-Duser.language=en,-Duser.variant]
Download https://repo.maven.apache.org/maven2/org/springframework/boot/spring-boot-gradle-plugin/2.0.0.RELEASE/spring-boot-gradle-plugin-2.0.0.RELEASE.pom
Download https://repo.maven.apache.org/maven2/org/springframework/boot/spring-boot-tools/2.0.0.RELEASE/spring-boot-tools-2.0.0.RELEASE.pom
Download https://repo.maven.apache.org/maven2/org/springframework/boot/spring-boot-parent/2.0.0.RELEASE/spring-boot-parent-2.0.0.RELEASE.pom
Download https://repo.maven.apache.org/maven2/org/springframework/boot/spring-boot-dependencies/2.0.0.RELEASE/spring-boot-dependencies-2.0.0.RELEASE.pom
Download https://repo.maven.apache.org/maven2/com/fasterxml/jackson/jackson-bom/2.9.4/jackson-bom-2.9.4.pom
Download https://repo.maven.apache.org/maven2/com/fasterxml/jackson/jackson-parent/2.9.1/jackson-parent-2.9.1.pom
Download https://repo.maven.apache.org/maven2/com/fasterxml/oss-parent/30/oss-parent-30.pom
Download https://repo.maven.apache.org/maven2/io/netty/netty-bom/4.1.22.Final/netty-bom-4.1.22.Final.pom
Download https://repo.maven.apache.org/maven2/org/sonatype/oss/oss-parent/7/oss-parent-7.pom
Download https://repo.maven.apache.org/maven2/io/projectreactor/reactor-bom/Bismuth-SR7/reactor-bom-Bismuth-SR7.pom
Download https://repo.maven.apache.org/maven2/org/apache/logging/log4j/log4j-bom/2.10.0/log4j-bom-2.10.0.pom
Download https://repo.maven.apache.org/maven2/org/apache/logging/logging-parent/1/logging-parent-1.pom
Download https://repo.maven.apache.org/maven2/org/apache/apache/18/apache-18.pom
Download https://repo.maven.apache.org/maven2/org/eclipse/jetty/jetty-bom/9.4.8.v20171121/jetty-bom-9.4.8.v20171121.pom
Download https://repo.maven.apache.org/maven2/org/springframework/spring-framework-bom/5.0.4.RELEASE/spring-framework-bom-5.0.4.RELEASE.pom
Download https://repo.maven.apache.org/maven2/org/springframework/data/spring-data-releasetrain/Kay-SR5/spring-data-releasetrain-Kay-SR5.pom
Download https://repo.maven.apache.org/maven2/org/springframework/data/build/spring-data-build/2.0.5.RELEASE/spring-data-build-2.0.5.RELEASE.pom
Download https://repo.maven.apache.org/maven2/org/springframework/integration/spring-integration-bom/5.0.3.RELEASE/spring-integration-bom-5.0.3.RELEASE.pom
Download https://repo.maven.apache.org/maven2/org/springframework/security/spring-security-bom/5.0.3.RELEASE/spring-security-bom-5.0.3.RELEASE.pom
Download https://repo.maven.apache.org/maven2/org/springframework/session/spring-session-bom/Apple-SR1/spring-session-bom-Apple-SR1.pom
Download https://repo.maven.apache.org/maven2/org/springframework/boot/spring-boot-loader-tools/2.0.0.RELEASE/spring-boot-loader-tools-2.0.0.RELEASE.pom
Download https://repo.maven.apache.org/maven2/io/spring/gradle/dependency-management-plugin/1.0.4.RELEASE/dependency-management-plugin-1.0.4.RELEASE.pom
Download https://repo.maven.apache.org/maven2/org/apache/commons/commons-compress/1.14/commons-compress-1.14.pom
Download https://repo.maven.apache.org/maven2/org/apache/commons/commons-parent/42/commons-parent-42.pom
Download https://repo.maven.apache.org/maven2/org/springframework/spring-core/5.0.4.RELEASE/spring-core-5.0.4.RELEASE.pom
Download https://repo.maven.apache.org/maven2/io/projectreactor/reactor-bom/Bismuth-SR6/reactor-bom-Bismuth-SR6.pom
Download https://repo.maven.apache.org/maven2/io/netty/netty-bom/4.1.21.Final/netty-bom-4.1.21.Final.pom
Download https://repo.maven.apache.org/maven2/org/springframework/spring-jcl/5.0.4.RELEASE/spring-jcl-5.0.4.RELEASE.pom
Download https://repo.maven.apache.org/maven2/org/springframework/boot/spring-boot-loader-tools/2.0.0.RELEASE/spring-boot-loader-tools-2.0.0.RELEASE.jar
Download https://repo.maven.apache.org/maven2/org/springframework/boot/spring-boot-gradle-plugin/2.0.0.RELEASE/spring-boot-gradle-plugin-2.0.0.RELEASE.jar
Download https://repo.maven.apache.org/maven2/org/springframework/spring-core/5.0.4.RELEASE/spring-core-5.0.4.RELEASE.jar
Download https://repo.maven.apache.org/maven2/org/apache/commons/commons-compress/1.14/commons-compress-1.14.jar
Download https://repo.maven.apache.org/maven2/org/springframework/spring-jcl/5.0.4.RELEASE/spring-jcl-5.0.4.RELEASE.jar
Download https://repo.maven.apache.org/maven2/io/spring/gradle/dependency-management-plugin/1.0.4.RELEASE/dependency-management-plugin-1.0.4.RELEASE.jar
:compileJava
Download https://repo.maven.apache.org/maven2/org/springframework/cloud/spring-cloud-netflix/1.4.0.RELEASE/spring-cloud-netflix-1.4.0.RELEASE.pom
Download https://repo.maven.apache.org/maven2/org/springframework/cloud/spring-cloud-build/1.3.6.RELEASE/spring-cloud-build-1.3.6.RELEASE.pom
Download https://repo.maven.apache.org/maven2/org/springframework/cloud/spring-cloud-build-dependencies/1.3.6.RELEASE/spring-cloud-build-dependencies-1.3.6.RELEASE.pom
Download https://repo.maven.apache.org/maven2/org/springframework/boot/spring-boot-dependencies/1.5.8.RELEASE/spring-boot-dependencies-1.5.8.RELEASE.pom
Download https://repo.maven.apache.org/maven2/com/fasterxml/jackson/jackson-bom/2.8.10/jackson-bom-2.8.10.pom
Download https://repo.maven.apache.org/maven2/com/fasterxml/jackson/jackson-parent/2.8/jackson-parent-2.8.pom
Download https://repo.maven.apache.org/maven2/com/fasterxml/oss-parent/27/oss-parent-27.pom
Download https://repo.maven.apache.org/maven2/org/apache/logging/log4j/log4j-bom/2.7/log4j-bom-2.7.pom
Download https://repo.maven.apache.org/maven2/org/apache/apache/9/apache-9.pom
Download https://repo.maven.apache.org/maven2/org/springframework/spring-framework-bom/4.3.12.RELEASE/spring-framework-bom-4.3.12.RELEASE.pom
Download https://repo.maven.apache.org/maven2/org/springframework/data/spring-data-releasetrain/Ingalls-SR8/spring-data-releasetrain-Ingalls-SR8.pom
Download https://repo.maven.apache.org/maven2/org/springframework/data/build/spring-data-build/1.9.8.RELEASE/spring-data-build-1.9.8.RELEASE.pom
Download https://repo.maven.apache.org/maven2/org/springframework/integration/spring-integration-bom/4.3.12.RELEASE/spring-integration-bom-4.3.12.RELEASE.pom
Download https://repo.maven.apache.org/maven2/org/springframework/security/spring-security-bom/4.2.3.RELEASE/spring-security-bom-4.2.3.RELEASE.pom
Download https://repo.maven.apache.org/maven2/org/springframework/cloud/spring-cloud-netflix-dependencies/1.4.0.RELEASE/spring-cloud-netflix-dependencies-1.4.0.RELEASE.pom
Download https://repo.maven.apache.org/maven2/org/springframework/cloud/spring-cloud-dependencies-parent/1.3.6.RELEASE/spring-cloud-dependencies-parent-1.3.6.RELEASE.pom
Download https://repo.maven.apache.org/maven2/org/springframework/cloud/spring-cloud-commons-dependencies/1.3.0.RELEASE/spring-cloud-commons-dependencies-1.3.0.RELEASE.pom
Download https://repo.maven.apache.org/maven2/org/springframework/cloud/spring-cloud-config-dependencies/1.4.0.RELEASE/spring-cloud-config-dependencies-1.4.0.RELEASE.pom
Download https://repo.maven.apache.org/maven2/org/springframework/cloud/spring-cloud-stream-dependencies/Ditmars.RELEASE/spring-cloud-stream-dependencies-Ditmars.RELEASE.pom
Download https://repo.maven.apache.org/maven2/org/springframework/cloud/spring-cloud-dependencies-parent/1.3.5.RELEASE/spring-cloud-dependencies-parent-1.3.5.RELEASE.pom
Download https://repo.maven.apache.org/maven2/org/springframework/cloud/spring-cloud-contract-dependencies/1.1.2.RELEASE/spring-cloud-contract-dependencies-1.1.2.RELEASE.pom
Download https://repo.maven.apache.org/maven2/org/springframework/cloud/spring-cloud-dependencies-parent/1.3.3.RELEASE/spring-cloud-dependencies-parent-1.3.3.RELEASE.pom
Download https://repo.maven.apache.org/maven2/org/springframework/cloud/spring-cloud-starter-eureka/1.4.0.RELEASE/spring-cloud-starter-eureka-1.4.0.RELEASE.pom
Download https://repo.maven.apache.org/maven2/org/projectlombok/lombok/1.16.14/lombok-1.16.14.pom
Download https://repo.maven.apache.org/maven2/org/flywaydb/flyway-core/3.2.1/flyway-core-3.2.1.pom
Download https://repo.maven.apache.org/maven2/org/flywaydb/flyway-parent/3.2.1/flyway-parent-3.2.1.pom
Download https://repo.maven.apache.org/maven2/org/springframework/boot/spring-boot-starter-data-jpa/1.5.8.RELEASE/spring-boot-starter-data-jpa-1.5.8.RELEASE.pom
Download https://repo.maven.apache.org/maven2/org/springframework/boot/spring-boot-starters/1.5.8.RELEASE/spring-boot-starters-1.5.8.RELEASE.pom
Download https://repo.maven.apache.org/maven2/org/springframework/boot/spring-boot-parent/1.5.8.RELEASE/spring-boot-parent-1.5.8.RELEASE.pom
Download https://repo.maven.apache.org/maven2/org/springframework/boot/spring-boot-starter-web/1.5.8.RELEASE/spring-boot-starter-web-1.5.8.RELEASE.pom
Download https://repo.maven.apache.org/maven2/org/springframework/cloud/spring-cloud-starter-netflix-eureka-client/1.4.0.RELEASE/spring-cloud-starter-netflix-eureka-client-1.4.0.RELEASE.pom
Download https://repo.maven.apache.org/maven2/org/springframework/cloud/spring-cloud-starter-netflix/1.4.0.RELEASE/spring-cloud-starter-netflix-1.4.0.RELEASE.pom
Download https://repo.maven.apache.org/maven2/org/springframework/boot/spring-boot-starter-tomcat/1.5.8.RELEASE/spring-boot-starter-tomcat-1.5.8.RELEASE.pom
Download https://repo.maven.apache.org/maven2/org/springframework/boot/spring-boot-starter/1.5.8.RELEASE/spring-boot-starter-1.5.8.RELEASE.pom
Download https://repo.maven.apache.org/maven2/org/springframework/spring-web/4.3.12.RELEASE/spring-web-4.3.12.RELEASE.pom
Download https://repo.maven.apache.org/maven2/com/fasterxml/jackson/core/jackson-databind/2.8.10/jackson-databind-2.8.10.pom
Download https://repo.maven.apache.org/maven2/org/hibernate/hibernate-validator/5.3.5.Final/hibernate-validator-5.3.5.Final.pom
Download https://repo.maven.apache.org/maven2/org/springframework/spring-webmvc/4.3.12.RELEASE/spring-webmvc-4.3.12.RELEASE.pom
Download https://repo.maven.apache.org/maven2/org/hibernate/hibernate-validator-parent/5.3.5.Final/hibernate-validator-parent-5.3.5.Final.pom
Download https://repo.maven.apache.org/maven2/org/jboss/arquillian/arquillian-bom/1.1.11.Final/arquillian-bom-1.1.11.Final.pom
Download https://repo.maven.apache.org/maven2/org/jboss/shrinkwrap/shrinkwrap-bom/1.2.3/shrinkwrap-bom-1.2.3.pom
Download https://repo.maven.apache.org/maven2/org/jboss/shrinkwrap/resolver/shrinkwrap-resolver-bom/2.2.0/shrinkwrap-resolver-bom-2.2.0.pom
Download https://repo.maven.apache.org/maven2/org/jboss/shrinkwrap/descriptors/shrinkwrap-descriptors-bom/2.0.0-alpha-8/shrinkwrap-descriptors-bom-2.0.0-alpha-8.pom
Download https://repo.maven.apache.org/maven2/org/springframework/boot/spring-boot-starter-aop/1.5.8.RELEASE/spring-boot-starter-aop-1.5.8.RELEASE.pom
Download https://repo.maven.apache.org/maven2/org/springframework/boot/spring-boot-starter-jdbc/1.5.8.RELEASE/spring-boot-starter-jdbc-1.5.8.RELEASE.pom
Download https://repo.maven.apache.org/maven2/org/hibernate/hibernate-entitymanager/5.0.12.Final/hibernate-entitymanager-5.0.12.Final.pom
Download https://repo.maven.apache.org/maven2/javax/transaction/javax.transaction-api/1.2/javax.transaction-api-1.2.pom
Download https://repo.maven.apache.org/maven2/org/springframework/data/spring-data-jpa/1.11.8.RELEASE/spring-data-jpa-1.11.8.RELEASE.pom
Download https://repo.maven.apache.org/maven2/net/java/jvnet-parent/3/jvnet-parent-3.pom
Download https://repo.maven.apache.org/maven2/org/springframework/data/build/spring-data-parent/1.9.8.RELEASE/spring-data-parent-1.9.8.RELEASE.pom
Download https://repo.maven.apache.org/maven2/org/springframework/spring-aspects/4.3.12.RELEASE/spring-aspects-4.3.12.RELEASE.pom
Download https://repo.maven.apache.org/maven2/org/hibernate/hibernate-core/5.0.12.Final/hibernate-core-5.0.12.Final.pom
Download https://repo.maven.apache.org/maven2/org/springframework/cloud/spring-cloud-starter/1.3.0.RELEASE/spring-cloud-starter-1.3.0.RELEASE.pom
Download https://repo.maven.apache.org/maven2/org/springframework/cloud/spring-cloud-netflix-core/1.4.0.RELEASE/spring-cloud-netflix-core-1.4.0.RELEASE.pom
Download https://repo.maven.apache.org/maven2/org/springframework/cloud/spring-cloud-commons-parent/1.3.0.RELEASE/spring-cloud-commons-parent-1.3.0.RELEASE.pom
Download https://repo.maven.apache.org/maven2/com/netflix/eureka/eureka-client/1.7.0/eureka-client-1.7.0.pom
Download https://repo.maven.apache.org/maven2/com/netflix/eureka/eureka-core/1.7.0/eureka-core-1.7.0.pom
Download https://repo.maven.apache.org/maven2/org/springframework/cloud/spring-cloud-starter-netflix-archaius/1.4.0.RELEASE/spring-cloud-starter-netflix-archaius-1.4.0.RELEASE.pom
Download https://repo.maven.apache.org/maven2/org/springframework/cloud/spring-cloud-starter-netflix-ribbon/1.4.0.RELEASE/spring-cloud-starter-netflix-ribbon-1.4.0.RELEASE.pom
Download https://repo.maven.apache.org/maven2/com/netflix/ribbon/ribbon-eureka/2.2.4/ribbon-eureka-2.2.4.pom
Download https://repo.maven.apache.org/maven2/com/thoughtworks/xstream/xstream/1.4.9/xstream-1.4.9.pom
Download https://repo.maven.apache.org/maven2/org/springframework/cloud/spring-cloud-netflix-eureka-client/1.4.0.RELEASE/spring-cloud-netflix-eureka-client-1.4.0.RELEASE.pom
Download https://repo.maven.apache.org/maven2/com/thoughtworks/xstream/xstream-parent/1.4.9/xstream-parent-1.4.9.pom
Download https://repo.maven.apache.org/maven2/org/springframework/boot/spring-boot-starter-logging/1.5.8.RELEASE/spring-boot-starter-logging-1.5.8.RELEASE.pom
Download https://repo.maven.apache.org/maven2/org/springframework/boot/spring-boot/1.5.8.RELEASE/spring-boot-1.5.8.RELEASE.pom
Download https://repo.maven.apache.org/maven2/org/yaml/snakeyaml/1.17/snakeyaml-1.17.pom
Download https://repo.maven.apache.org/maven2/org/springframework/spring-core/4.3.12.RELEASE/spring-core-4.3.12.RELEASE.pom
Download https://repo.maven.apache.org/maven2/org/springframework/boot/spring-boot-autoconfigure/1.5.8.RELEASE/spring-boot-autoconfigure-1.5.8.RELEASE.pom
Download https://repo.maven.apache.org/maven2/org/apache/tomcat/embed/tomcat-embed-core/8.5.23/tomcat-embed-core-8.5.23.pom
Download https://repo.maven.apache.org/maven2/org/apache/tomcat/embed/tomcat-embed-el/8.5.23/tomcat-embed-el-8.5.23.pom
Download https://repo.maven.apache.org/maven2/org/apache/tomcat/embed/tomcat-embed-websocket/8.5.23/tomcat-embed-websocket-8.5.23.pom
Download https://repo.maven.apache.org/maven2/org/jboss/logging/jboss-logging/3.3.1.Final/jboss-logging-3.3.1.Final.pom
Download https://repo.maven.apache.org/maven2/javax/validation/validation-api/1.1.0.Final/validation-api-1.1.0.Final.pom
Download https://repo.maven.apache.org/maven2/org/jboss/jboss-parent/15/jboss-parent-15.pom
Download https://repo.maven.apache.org/maven2/com/fasterxml/classmate/1.3.4/classmate-1.3.4.pom
Download https://repo.maven.apache.org/maven2/com/fasterxml/oss-parent/24/oss-parent-24.pom
Download https://repo.maven.apache.org/maven2/com/fasterxml/jackson/core/jackson-core/2.8.10/jackson-core-2.8.10.pom
Download https://repo.maven.apache.org/maven2/com/fasterxml/jackson/core/jackson-annotations/2.8.0/jackson-annotations-2.8.0.pom
Download https://repo.maven.apache.org/maven2/org/springframework/spring-aop/4.3.12.RELEASE/spring-aop-4.3.12.RELEASE.pom
Download https://repo.maven.apache.org/maven2/org/springframework/spring-beans/4.3.12.RELEASE/spring-beans-4.3.12.RELEASE.pom
Download https://repo.maven.apache.org/maven2/org/springframework/spring-context/4.3.12.RELEASE/spring-context-4.3.12.RELEASE.pom
Download https://repo.maven.apache.org/maven2/org/springframework/spring-expression/4.3.12.RELEASE/spring-expression-4.3.12.RELEASE.pom
Download https://repo.maven.apache.org/maven2/org/aspectj/aspectjweaver/1.8.11/aspectjweaver-1.8.11.pom
Download https://repo.maven.apache.org/maven2/org/apache/tomcat/tomcat-jdbc/8.5.23/tomcat-jdbc-8.5.23.pom
Download https://repo.maven.apache.org/maven2/org/springframework/spring-jdbc/4.3.12.RELEASE/spring-jdbc-4.3.12.RELEASE.pom
Download https://repo.maven.apache.org/maven2/antlr/antlr/2.7.7/antlr-2.7.7.pom
Download https://repo.maven.apache.org/maven2/org/javassist/javassist/3.21.0-GA/javassist-3.21.0-GA.pom
Download https://repo.maven.apache.org/maven2/org/jboss/jandex/2.0.0.Final/jandex-2.0.0.Final.pom
Download https://repo.maven.apache.org/maven2/dom4j/dom4j/1.6.1/dom4j-1.6.1.pom
Download https://repo.maven.apache.org/maven2/org/jboss/jboss-parent/12/jboss-parent-12.pom
Download https://repo.maven.apache.org/maven2/org/hibernate/common/hibernate-commons-annotations/5.0.1.Final/hibernate-commons-annotations-5.0.1.Final.pom
Download https://repo.maven.apache.org/maven2/org/hibernate/javax/persistence/hibernate-jpa-2.1-api/1.0.0.Final/hibernate-jpa-2.1-api-1.0.0.Final.pom
Download https://repo.maven.apache.org/maven2/org/springframework/data/spring-data-commons/1.13.8.RELEASE/spring-data-commons-1.13.8.RELEASE.pom
Download https://repo.maven.apache.org/maven2/org/springframework/spring-orm/4.3.12.RELEASE/spring-orm-4.3.12.RELEASE.pom
Download https://repo.maven.apache.org/maven2/org/slf4j/slf4j-api/1.7.25/slf4j-api-1.7.25.pom
Download https://repo.maven.apache.org/maven2/org/slf4j/jcl-over-slf4j/1.7.25/jcl-over-slf4j-1.7.25.pom
Download https://repo.maven.apache.org/maven2/org/slf4j/slf4j-parent/1.7.25/slf4j-parent-1.7.25.pom
Download https://repo.maven.apache.org/maven2/org/springframework/spring-tx/4.3.12.RELEASE/spring-tx-4.3.12.RELEASE.pom
Download https://repo.maven.apache.org/maven2/org/springframework/cloud/spring-cloud-context/1.3.0.RELEASE/spring-cloud-context-1.3.0.RELEASE.pom
Download https://repo.maven.apache.org/maven2/org/springframework/cloud/spring-cloud-commons/1.3.0.RELEASE/spring-cloud-commons-1.3.0.RELEASE.pom
Download https://repo.maven.apache.org/maven2/org/springframework/security/spring-security-rsa/1.0.3.RELEASE/spring-security-rsa-1.0.3.RELEASE.pom
Download https://repo.maven.apache.org/maven2/org/codehaus/jettison/jettison/1.3.7/jettison-1.3.7.pom
Download https://repo.maven.apache.org/maven2/com/netflix/netflix-commons/netflix-eventbus/0.3.0/netflix-eventbus-0.3.0.pom
Download https://repo.maven.apache.org/maven2/org/codehaus/codehaus-parent/3/codehaus-parent-3.pom
Download https://repo.maven.apache.org/maven2/javax/ws/rs/jsr311-api/1.1.1/jsr311-api-1.1.1.pom
Download https://repo.maven.apache.org/maven2/com/netflix/servo/servo-core/0.10.1/servo-core-0.10.1.pom
Download https://repo.maven.apache.org/maven2/com/sun/jersey/jersey-core/1.19.1/jersey-core-1.19.1.pom
Download https://repo.maven.apache.org/maven2/com/sun/jersey/jersey-project/1.19.1/jersey-project-1.19.1.pom
Download https://repo.maven.apache.org/maven2/com/sun/jersey/jersey-client/1.19.1/jersey-client-1.19.1.pom
Download https://repo.maven.apache.org/maven2/net/java/jvnet-parent/4/jvnet-parent-4.pom
Download https://repo.maven.apache.org/maven2/com/sun/jersey/contribs/jersey-apache-client4/1.19.1/jersey-apache-client4-1.19.1.pom
Download https://repo.maven.apache.org/maven2/org/apache/httpcomponents/httpclient/4.5.3/httpclient-4.5.3.pom
Download https://repo.maven.apache.org/maven2/com/sun/jersey/contribs/jersey-contribs/1.19.1/jersey-contribs-1.19.1.pom
Download https://repo.maven.apache.org/maven2/org/apache/httpcomponents/httpcomponents-client/4.5.3/httpcomponents-client-4.5.3.pom
Download https://repo.maven.apache.org/maven2/org/apache/httpcomponents/project/7/project-7.pom
Download https://repo.maven.apache.org/maven2/org/apache/apache/13/apache-13.pom
Download https://repo.maven.apache.org/maven2/com/google/inject/guice/4.1.0/guice-4.1.0.pom
Download https://repo.maven.apache.org/maven2/com/google/inject/guice-parent/4.1.0/guice-parent-4.1.0.pom
Download https://repo.maven.apache.org/maven2/com/google/google/5/google-5.pom
Download https://repo.maven.apache.org/maven2/com/netflix/archaius/archaius-core/0.7.4/archaius-core-0.7.4.pom
Download https://repo.maven.apache.org/maven2/org/codehaus/woodstox/woodstox-core-asl/4.4.1/woodstox-core-asl-4.4.1.pom
Download https://repo.maven.apache.org/maven2/com/google/guava/guava/18.0/guava-18.0.pom
Download https://repo.maven.apache.org/maven2/commons-configuration/commons-configuration/1.8/commons-configuration-1.8.pom
Download https://repo.maven.apache.org/maven2/org/apache/commons/commons-parent/23/commons-parent-23.pom
Download https://repo.maven.apache.org/maven2/com/google/guava/guava-parent/18.0/guava-parent-18.0.pom
Download https://repo.maven.apache.org/maven2/com/netflix/ribbon/ribbon/2.2.4/ribbon-2.2.4.pom
Download https://repo.maven.apache.org/maven2/com/netflix/ribbon/ribbon-core/2.2.4/ribbon-core-2.2.4.pom
Download https://repo.maven.apache.org/maven2/com/netflix/ribbon/ribbon-loadbalancer/2.2.4/ribbon-loadbalancer-2.2.4.pom
Download https://repo.maven.apache.org/maven2/io/reactivex/rxjava/1.2.0/rxjava-1.2.0.pom
Download https://repo.maven.apache.org/maven2/com/netflix/ribbon/ribbon-httpclient/2.2.4/ribbon-httpclient-2.2.4.pom
Download https://repo.maven.apache.org/maven2/xpp3/xpp3_min/1.1.4c/xpp3_min-1.1.4c.pom
Download https://repo.maven.apache.org/maven2/xmlpull/xmlpull/1.1.3.1/xmlpull-1.1.3.1.pom
Download https://repo.maven.apache.org/maven2/org/slf4j/jul-to-slf4j/1.7.25/jul-to-slf4j-1.7.25.pom
Download https://repo.maven.apache.org/maven2/ch/qos/logback/logback-classic/1.1.11/logback-classic-1.1.11.pom
Download https://repo.maven.apache.org/maven2/ch/qos/logback/logback-parent/1.1.11/logback-parent-1.1.11.pom
Download https://repo.maven.apache.org/maven2/org/slf4j/log4j-over-slf4j/1.7.25/log4j-over-slf4j-1.7.25.pom
Download https://repo.maven.apache.org/maven2/commons-logging/commons-logging/1.2/commons-logging-1.2.pom
Download https://repo.maven.apache.org/maven2/org/apache/commons/commons-parent/34/commons-parent-34.pom
Download https://repo.maven.apache.org/maven2/org/apache/tomcat/tomcat-annotations-api/8.5.23/tomcat-annotations-api-8.5.23.pom
Download https://repo.maven.apache.org/maven2/org/apache/tomcat/tomcat-juli/8.5.23/tomcat-juli-8.5.23.pom
Download https://repo.maven.apache.org/maven2/xml-apis/xml-apis/1.4.01/xml-apis-1.4.01.pom
Download https://repo.maven.apache.org/maven2/org/springframework/security/spring-security-crypto/4.2.3.RELEASE/spring-security-crypto-4.2.3.RELEASE.pom
Download https://repo.maven.apache.org/maven2/org/springframework/spring-framework-bom/4.3.9.RELEASE/spring-framework-bom-4.3.9.RELEASE.pom
Download https://repo.maven.apache.org/maven2/org/bouncycastle/bcpkix-jdk15on/1.55/bcpkix-jdk15on-1.55.pom
Download https://repo.maven.apache.org/maven2/stax/stax-api/1.0.1/stax-api-1.0.1.pom
Download https://repo.maven.apache.org/maven2/com/netflix/netflix-commons/netflix-infix/0.3.0/netflix-infix-0.3.0.pom
Download https://repo.maven.apache.org/maven2/org/apache/commons/commons-math/2.2/commons-math-2.2.pom
Download https://repo.maven.apache.org/maven2/org/apache/commons/commons-parent/18/commons-parent-18.pom
Download https://repo.maven.apache.org/maven2/org/apache/apache/7/apache-7.pom
Download https://repo.maven.apache.org/maven2/com/google/code/findbugs/jsr305/3.0.1/jsr305-3.0.1.pom
Download https://repo.maven.apache.org/maven2/com/netflix/servo/servo-internal/0.10.1/servo-internal-0.10.1.pom
Download https://repo.maven.apache.org/maven2/commons-codec/commons-codec/1.10/commons-codec-1.10.pom
Download https://repo.maven.apache.org/maven2/org/apache/httpcomponents/httpcore/4.4.8/httpcore-4.4.8.pom
Download https://repo.maven.apache.org/maven2/org/apache/httpcomponents/httpcomponents-core/4.4.8/httpcomponents-core-4.4.8.pom
Download https://repo.maven.apache.org/maven2/org/apache/commons/commons-parent/35/commons-parent-35.pom
Download https://repo.maven.apache.org/maven2/org/apache/httpcomponents/httpcomponents-parent/9/httpcomponents-parent-9.pom
Download https://repo.maven.apache.org/maven2/org/apache/apache/15/apache-15.pom
Download https://repo.maven.apache.org/maven2/javax/inject/javax.inject/1/javax.inject-1.pom
Download https://repo.maven.apache.org/maven2/aopalliance/aopalliance/1.0/aopalliance-1.0.pom
Download https://repo.maven.apache.org/maven2/javax/xml/stream/stax-api/1.0-2/stax-api-1.0-2.pom
Download https://repo.maven.apache.org/maven2/org/codehaus/woodstox/stax2-api/3.1.4/stax2-api-3.1.4.pom
Download https://repo.maven.apache.org/maven2/commons-lang/commons-lang/2.6/commons-lang-2.6.pom
Download https://repo.maven.apache.org/maven2/org/apache/commons/commons-parent/17/commons-parent-17.pom
Download https://repo.maven.apache.org/maven2/com/netflix/hystrix/hystrix-core/1.5.12/hystrix-core-1.5.12.pom
Download https://repo.maven.apache.org/maven2/com/netflix/ribbon/ribbon-transport/2.2.4/ribbon-transport-2.2.4.pom
Download https://repo.maven.apache.org/maven2/io/reactivex/rxnetty/0.4.9/rxnetty-0.4.9.pom
Download https://repo.maven.apache.org/maven2/com/google/code/findbugs/annotations/2.0.0/annotations-2.0.0.pom
Download https://repo.maven.apache.org/maven2/commons-collections/commons-collections/3.2.2/commons-collections-3.2.2.pom
Download https://repo.maven.apache.org/maven2/com/netflix/netflix-commons/netflix-commons-util/0.1.1/netflix-commons-util-0.1.1.pom
Download https://repo.maven.apache.org/maven2/org/apache/commons/commons-parent/39/commons-parent-39.pom
Download https://repo.maven.apache.org/maven2/org/apache/apache/16/apache-16.pom
Download https://repo.maven.apache.org/maven2/com/netflix/netflix-commons/netflix-statistics/0.1.1/netflix-statistics-0.1.1.pom
Download https://repo.maven.apache.org/maven2/ch/qos/logback/logback-core/1.1.11/logback-core-1.1.11.pom
Download https://repo.maven.apache.org/maven2/org/bouncycastle/bcprov-jdk15on/1.55/bcprov-jdk15on-1.55.pom
Download https://repo.maven.apache.org/maven2/joda-time/joda-time/2.9.9/joda-time-2.9.9.pom
Download https://repo.maven.apache.org/maven2/commons-jxpath/commons-jxpath/1.3/commons-jxpath-1.3.pom
Download https://repo.maven.apache.org/maven2/org/apache/commons/commons-parent/11/commons-parent-11.pom
Download https://repo.maven.apache.org/maven2/com/google/code/gson/gson/2.8.2/gson-2.8.2.pom
Download https://repo.maven.apache.org/maven2/org/apache/apache/4/apache-4.pom
Download https://repo.maven.apache.org/maven2/com/google/code/gson/gson-parent/2.8.2/gson-parent-2.8.2.pom
Download https://repo.maven.apache.org/maven2/org/antlr/antlr-runtime/3.4/antlr-runtime-3.4.pom
Download https://repo.maven.apache.org/maven2/org/antlr/antlr-master/3.4/antlr-master-3.4.pom
Download https://repo.maven.apache.org/maven2/io/reactivex/rxnetty-contexts/0.4.9/rxnetty-contexts-0.4.9.pom
Download https://repo.maven.apache.org/maven2/io/reactivex/rxnetty-servo/0.4.9/rxnetty-servo-0.4.9.pom
Download https://repo.maven.apache.org/maven2/org/hdrhistogram/HdrHistogram/2.1.9/HdrHistogram-2.1.9.pom
Download https://repo.maven.apache.org/maven2/io/netty/netty-codec-http/4.0.27.Final/netty-codec-http-4.0.27.Final.pom
Download https://repo.maven.apache.org/maven2/io/netty/netty-transport-native-epoll/4.0.27.Final/netty-transport-native-epoll-4.0.27.Final.pom
Download https://repo.maven.apache.org/maven2/io/netty/netty-parent/4.0.27.Final/netty-parent-4.0.27.Final.pom
Download https://repo.maven.apache.org/maven2/org/sonatype/oss/oss-parent/9/oss-parent-9.pom
Download https://repo.maven.apache.org/maven2/org/antlr/stringtemplate/3.2.1/stringtemplate-3.2.1.pom
Download https://repo.maven.apache.org/maven2/io/netty/netty-handler/4.1.22.Final/netty-handler-4.1.22.Final.pom
Download https://repo.maven.apache.org/maven2/io/netty/netty-codec/4.1.22.Final/netty-codec-4.1.22.Final.pom
Download https://repo.maven.apache.org/maven2/io/netty/netty-parent/4.1.22.Final/netty-parent-4.1.22.Final.pom
Download https://repo.maven.apache.org/maven2/io/netty/netty-common/4.1.22.Final/netty-common-4.1.22.Final.pom
Download https://repo.maven.apache.org/maven2/io/netty/netty-buffer/4.1.22.Final/netty-buffer-4.1.22.Final.pom
Download https://repo.maven.apache.org/maven2/io/netty/netty-transport/4.1.22.Final/netty-transport-4.1.22.Final.pom
Download https://repo.maven.apache.org/maven2/io/netty/netty-resolver/4.1.22.Final/netty-resolver-4.1.22.Final.pom
Download https://repo.maven.apache.org/maven2/org/springframework/cloud/spring-cloud-starter-netflix-eureka-client/1.4.0.RELEASE/spring-cloud-starter-netflix-eureka-client-1.4.0.RELEASE.jar
Download https://repo.maven.apache.org/maven2/org/springframework/cloud/spring-cloud-starter-eureka/1.4.0.RELEASE/spring-cloud-starter-eureka-1.4.0.RELEASE.jar
Download https://repo.maven.apache.org/maven2/org/springframework/boot/spring-boot-starter-web/1.5.8.RELEASE/spring-boot-starter-web-1.5.8.RELEASE.jar
Download https://repo.maven.apache.org/maven2/org/flywaydb/flyway-core/3.2.1/flyway-core-3.2.1.jar
Download https://repo.maven.apache.org/maven2/org/projectlombok/lombok/1.16.14/lombok-1.16.14.jar
Download https://repo.maven.apache.org/maven2/org/springframework/boot/spring-boot-starter-data-jpa/1.5.8.RELEASE/spring-boot-starter-data-jpa-1.5.8.RELEASE.jar
Download https://repo.maven.apache.org/maven2/org/springframework/boot/spring-boot-starter-aop/1.5.8.RELEASE/spring-boot-starter-aop-1.5.8.RELEASE.jar
Download https://repo.maven.apache.org/maven2/org/springframework/cloud/spring-cloud-starter-netflix-ribbon/1.4.0.RELEASE/spring-cloud-starter-netflix-ribbon-1.4.0.RELEASE.jar
Download https://repo.maven.apache.org/maven2/org/springframework/boot/spring-boot-starter-jdbc/1.5.8.RELEASE/spring-boot-starter-jdbc-1.5.8.RELEASE.jar
Download https://repo.maven.apache.org/maven2/org/springframework/cloud/spring-cloud-starter-netflix-archaius/1.4.0.RELEASE/spring-cloud-starter-netflix-archaius-1.4.0.RELEASE.jar
Download https://repo.maven.apache.org/maven2/org/springframework/cloud/spring-cloud-starter/1.3.0.RELEASE/spring-cloud-starter-1.3.0.RELEASE.jar
Download https://repo.maven.apache.org/maven2/org/springframework/boot/spring-boot-starter/1.5.8.RELEASE/spring-boot-starter-1.5.8.RELEASE.jar
Download https://repo.maven.apache.org/maven2/org/springframework/boot/spring-boot-starter-tomcat/1.5.8.RELEASE/spring-boot-starter-tomcat-1.5.8.RELEASE.jar
Download https://repo.maven.apache.org/maven2/org/hibernate/hibernate-validator/5.3.5.Final/hibernate-validator-5.3.5.Final.jar
Download https://repo.maven.apache.org/maven2/com/netflix/eureka/eureka-core/1.7.0/eureka-core-1.7.0.jar
Download https://repo.maven.apache.org/maven2/com/netflix/ribbon/ribbon-eureka/2.2.4/ribbon-eureka-2.2.4.jar
Download https://repo.maven.apache.org/maven2/com/netflix/eureka/eureka-client/1.7.0/eureka-client-1.7.0.jar
Download https://repo.maven.apache.org/maven2/com/netflix/netflix-commons/netflix-eventbus/0.3.0/netflix-eventbus-0.3.0.jar
Download https://repo.maven.apache.org/maven2/com/netflix/ribbon/ribbon/2.2.4/ribbon-2.2.4.jar
Download https://repo.maven.apache.org/maven2/com/netflix/ribbon/ribbon-httpclient/2.2.4/ribbon-httpclient-2.2.4.jar
Download https://repo.maven.apache.org/maven2/com/netflix/ribbon/ribbon-transport/2.2.4/ribbon-transport-2.2.4.jar
Download https://repo.maven.apache.org/maven2/com/netflix/ribbon/ribbon-loadbalancer/2.2.4/ribbon-loadbalancer-2.2.4.jar
Download https://repo.maven.apache.org/maven2/com/netflix/ribbon/ribbon-core/2.2.4/ribbon-core-2.2.4.jar
Download https://repo.maven.apache.org/maven2/com/netflix/hystrix/hystrix-core/1.5.12/hystrix-core-1.5.12.jar
Download https://repo.maven.apache.org/maven2/com/netflix/archaius/archaius-core/0.7.4/archaius-core-0.7.4.jar
Download https://repo.maven.apache.org/maven2/com/fasterxml/jackson/core/jackson-databind/2.8.10/jackson-databind-2.8.10.jar
Download https://repo.maven.apache.org/maven2/org/springframework/spring-webmvc/4.3.12.RELEASE/spring-webmvc-4.3.12.RELEASE.jar
Download https://repo.maven.apache.org/maven2/org/springframework/spring-web/4.3.12.RELEASE/spring-web-4.3.12.RELEASE.jar
Download https://repo.maven.apache.org/maven2/org/hibernate/hibernate-entitymanager/5.0.12.Final/hibernate-entitymanager-5.0.12.Final.jar
Download https://repo.maven.apache.org/maven2/org/hibernate/hibernate-core/5.0.12.Final/hibernate-core-5.0.12.Final.jar
Download https://repo.maven.apache.org/maven2/javax/transaction/javax.transaction-api/1.2/javax.transaction-api-1.2.jar
Download https://repo.maven.apache.org/maven2/org/springframework/data/spring-data-jpa/1.11.8.RELEASE/spring-data-jpa-1.11.8.RELEASE.jar
Download https://repo.maven.apache.org/maven2/org/springframework/spring-aspects/4.3.12.RELEASE/spring-aspects-4.3.12.RELEASE.jar
Download https://repo.maven.apache.org/maven2/org/springframework/cloud/spring-cloud-netflix-eureka-client/1.4.0.RELEASE/spring-cloud-netflix-eureka-client-1.4.0.RELEASE.jar
Download https://repo.maven.apache.org/maven2/org/springframework/cloud/spring-cloud-netflix-core/1.4.0.RELEASE/spring-cloud-netflix-core-1.4.0.RELEASE.jar
Download https://repo.maven.apache.org/maven2/com/thoughtworks/xstream/xstream/1.4.9/xstream-1.4.9.jar
Download https://repo.maven.apache.org/maven2/org/springframework/boot/spring-boot-autoconfigure/1.5.8.RELEASE/spring-boot-autoconfigure-1.5.8.RELEASE.jar
Download https://repo.maven.apache.org/maven2/org/springframework/boot/spring-boot/1.5.8.RELEASE/spring-boot-1.5.8.RELEASE.jar
Download https://repo.maven.apache.org/maven2/org/springframework/boot/spring-boot-starter-logging/1.5.8.RELEASE/spring-boot-starter-logging-1.5.8.RELEASE.jar
Download https://repo.maven.apache.org/maven2/org/springframework/spring-aop/4.3.12.RELEASE/spring-aop-4.3.12.RELEASE.jar
Download https://repo.maven.apache.org/maven2/org/springframework/spring-context/4.3.12.RELEASE/spring-context-4.3.12.RELEASE.jar
Download https://repo.maven.apache.org/maven2/org/springframework/spring-orm/4.3.12.RELEASE/spring-orm-4.3.12.RELEASE.jar
Download https://repo.maven.apache.org/maven2/org/springframework/spring-jdbc/4.3.12.RELEASE/spring-jdbc-4.3.12.RELEASE.jar
Download https://repo.maven.apache.org/maven2/org/springframework/data/spring-data-commons/1.13.8.RELEASE/spring-data-commons-1.13.8.RELEASE.jar
Download https://repo.maven.apache.org/maven2/org/springframework/spring-tx/4.3.12.RELEASE/spring-tx-4.3.12.RELEASE.jar
Download https://repo.maven.apache.org/maven2/org/springframework/spring-beans/4.3.12.RELEASE/spring-beans-4.3.12.RELEASE.jar
Download https://repo.maven.apache.org/maven2/org/springframework/spring-expression/4.3.12.RELEASE/spring-expression-4.3.12.RELEASE.jar
Download https://repo.maven.apache.org/maven2/org/springframework/spring-core/4.3.12.RELEASE/spring-core-4.3.12.RELEASE.jar
Download https://repo.maven.apache.org/maven2/org/yaml/snakeyaml/1.17/snakeyaml-1.17.jar
Download https://repo.maven.apache.org/maven2/org/apache/tomcat/embed/tomcat-embed-websocket/8.5.23/tomcat-embed-websocket-8.5.23.jar
Download https://repo.maven.apache.org/maven2/org/apache/tomcat/embed/tomcat-embed-core/8.5.23/tomcat-embed-core-8.5.23.jar
Download https://repo.maven.apache.org/maven2/org/apache/tomcat/embed/tomcat-embed-el/8.5.23/tomcat-embed-el-8.5.23.jar
Download https://repo.maven.apache.org/maven2/javax/validation/validation-api/1.1.0.Final/validation-api-1.1.0.Final.jar
Download https://repo.maven.apache.org/maven2/org/hibernate/common/hibernate-commons-annotations/5.0.1.Final/hibernate-commons-annotations-5.0.1.Final.jar
Download https://repo.maven.apache.org/maven2/org/jboss/logging/jboss-logging/3.3.1.Final/jboss-logging-3.3.1.Final.jar
Download https://repo.maven.apache.org/maven2/com/fasterxml/classmate/1.3.4/classmate-1.3.4.jar
Download https://repo.maven.apache.org/maven2/com/fasterxml/jackson/core/jackson-annotations/2.8.0/jackson-annotations-2.8.0.jar
Download https://repo.maven.apache.org/maven2/com/fasterxml/jackson/core/jackson-core/2.8.10/jackson-core-2.8.10.jar
Download https://repo.maven.apache.org/maven2/org/aspectj/aspectjweaver/1.8.11/aspectjweaver-1.8.11.jar
Download https://repo.maven.apache.org/maven2/org/apache/tomcat/tomcat-jdbc/8.5.23/tomcat-jdbc-8.5.23.jar
Download https://repo.maven.apache.org/maven2/org/hibernate/javax/persistence/hibernate-jpa-2.1-api/1.0.0.Final/hibernate-jpa-2.1-api-1.0.0.Final.jar
Download https://repo.maven.apache.org/maven2/org/javassist/javassist/3.21.0-GA/javassist-3.21.0-GA.jar
Download https://repo.maven.apache.org/maven2/com/netflix/netflix-commons/netflix-infix/0.3.0/netflix-infix-0.3.0.jar
Download https://repo.maven.apache.org/maven2/org/antlr/antlr-runtime/3.4/antlr-runtime-3.4.jar
Download https://repo.maven.apache.org/maven2/antlr/antlr/2.7.7/antlr-2.7.7.jar
Download https://repo.maven.apache.org/maven2/org/antlr/stringtemplate/3.2.1/stringtemplate-3.2.1.jar
Download https://repo.maven.apache.org/maven2/org/jboss/jandex/2.0.0.Final/jandex-2.0.0.Final.jar
Download https://repo.maven.apache.org/maven2/dom4j/dom4j/1.6.1/dom4j-1.6.1.jar
Download https://repo.maven.apache.org/maven2/org/slf4j/jcl-over-slf4j/1.7.25/jcl-over-slf4j-1.7.25.jar
Download https://repo.maven.apache.org/maven2/ch/qos/logback/logback-classic/1.1.11/logback-classic-1.1.11.jar
Download https://repo.maven.apache.org/maven2/org/slf4j/jul-to-slf4j/1.7.25/jul-to-slf4j-1.7.25.jar
Download https://repo.maven.apache.org/maven2/org/slf4j/log4j-over-slf4j/1.7.25/log4j-over-slf4j-1.7.25.jar
Download https://repo.maven.apache.org/maven2/io/reactivex/rxnetty-contexts/0.4.9/rxnetty-contexts-0.4.9.jar
Download https://repo.maven.apache.org/maven2/io/reactivex/rxnetty-servo/0.4.9/rxnetty-servo-0.4.9.jar
Download https://repo.maven.apache.org/maven2/io/reactivex/rxnetty/0.4.9/rxnetty-0.4.9.jar
Download https://repo.maven.apache.org/maven2/com/netflix/servo/servo-core/0.10.1/servo-core-0.10.1.jar
Download https://repo.maven.apache.org/maven2/com/netflix/servo/servo-internal/0.10.1/servo-internal-0.10.1.jar
Download https://repo.maven.apache.org/maven2/com/netflix/netflix-commons/netflix-commons-util/0.1.1/netflix-commons-util-0.1.1.jar
Download https://repo.maven.apache.org/maven2/com/netflix/netflix-commons/netflix-statistics/0.1.1/netflix-statistics-0.1.1.jar
Download https://repo.maven.apache.org/maven2/org/slf4j/slf4j-api/1.7.25/slf4j-api-1.7.25.jar
Download https://repo.maven.apache.org/maven2/org/springframework/cloud/spring-cloud-context/1.3.0.RELEASE/spring-cloud-context-1.3.0.RELEASE.jar
Download https://repo.maven.apache.org/maven2/org/springframework/cloud/spring-cloud-commons/1.3.0.RELEASE/spring-cloud-commons-1.3.0.RELEASE.jar
Download https://repo.maven.apache.org/maven2/org/springframework/security/spring-security-rsa/1.0.3.RELEASE/spring-security-rsa-1.0.3.RELEASE.jar
Download https://repo.maven.apache.org/maven2/org/codehaus/jettison/jettison/1.3.7/jettison-1.3.7.jar
Download https://repo.maven.apache.org/maven2/com/sun/jersey/contribs/jersey-apache-client4/1.19.1/jersey-apache-client4-1.19.1.jar
Download https://repo.maven.apache.org/maven2/com/sun/jersey/jersey-client/1.19.1/jersey-client-1.19.1.jar
Download https://repo.maven.apache.org/maven2/com/sun/jersey/jersey-core/1.19.1/jersey-core-1.19.1.jar
Download https://repo.maven.apache.org/maven2/javax/ws/rs/jsr311-api/1.1.1/jsr311-api-1.1.1.jar
Download https://repo.maven.apache.org/maven2/org/apache/httpcomponents/httpclient/4.5.3/httpclient-4.5.3.jar
Download https://repo.maven.apache.org/maven2/com/google/inject/guice/4.1.0/guice-4.1.0.jar
Download https://repo.maven.apache.org/maven2/org/codehaus/woodstox/woodstox-core-asl/4.4.1/woodstox-core-asl-4.4.1.jar
Download https://repo.maven.apache.org/maven2/commons-configuration/commons-configuration/1.8/commons-configuration-1.8.jar
Download https://repo.maven.apache.org/maven2/com/google/guava/guava/18.0/guava-18.0.jar
Download https://repo.maven.apache.org/maven2/io/reactivex/rxjava/1.2.0/rxjava-1.2.0.jar
Download https://repo.maven.apache.org/maven2/xmlpull/xmlpull/1.1.3.1/xmlpull-1.1.3.1.jar
Download https://repo.maven.apache.org/maven2/org/apache/tomcat/tomcat-annotations-api/8.5.23/tomcat-annotations-api-8.5.23.jar
Download https://repo.maven.apache.org/maven2/xpp3/xpp3_min/1.1.4c/xpp3_min-1.1.4c.jar
Download https://repo.maven.apache.org/maven2/org/springframework/security/spring-security-crypto/4.2.3.RELEASE/spring-security-crypto-4.2.3.RELEASE.jar
Download https://repo.maven.apache.org/maven2/org/apache/tomcat/tomcat-juli/8.5.23/tomcat-juli-8.5.23.jar
Download https://repo.maven.apache.org/maven2/org/bouncycastle/bcpkix-jdk15on/1.55/bcpkix-jdk15on-1.55.jar
Download https://repo.maven.apache.org/maven2/stax/stax-api/1.0.1/stax-api-1.0.1.jar
Download https://repo.maven.apache.org/maven2/org/apache/commons/commons-math/2.2/commons-math-2.2.jar
Download https://repo.maven.apache.org/maven2/org/apache/httpcomponents/httpcore/4.4.8/httpcore-4.4.8.jar
Download https://repo.maven.apache.org/maven2/commons-codec/commons-codec/1.10/commons-codec-1.10.jar
Download https://repo.maven.apache.org/maven2/javax/inject/javax.inject/1/javax.inject-1.jar
Download https://repo.maven.apache.org/maven2/aopalliance/aopalliance/1.0/aopalliance-1.0.jar
Download https://repo.maven.apache.org/maven2/javax/xml/stream/stax-api/1.0-2/stax-api-1.0-2.jar
Download https://repo.maven.apache.org/maven2/org/codehaus/woodstox/stax2-api/3.1.4/stax2-api-3.1.4.jar
Download https://repo.maven.apache.org/maven2/commons-collections/commons-collections/3.2.2/commons-collections-3.2.2.jar
Download https://repo.maven.apache.org/maven2/commons-lang/commons-lang/2.6/commons-lang-2.6.jar
Download https://repo.maven.apache.org/maven2/org/bouncycastle/bcprov-jdk15on/1.55/bcprov-jdk15on-1.55.jar
Download https://repo.maven.apache.org/maven2/ch/qos/logback/logback-core/1.1.11/logback-core-1.1.11.jar
Download https://repo.maven.apache.org/maven2/commons-jxpath/commons-jxpath/1.3/commons-jxpath-1.3.jar
Download https://repo.maven.apache.org/maven2/joda-time/joda-time/2.9.9/joda-time-2.9.9.jar
Download https://repo.maven.apache.org/maven2/com/google/code/gson/gson/2.8.2/gson-2.8.2.jar
Download https://repo.maven.apache.org/maven2/org/hdrhistogram/HdrHistogram/2.1.9/HdrHistogram-2.1.9.jar
Download https://repo.maven.apache.org/maven2/io/netty/netty-codec-http/4.0.27.Final/netty-codec-http-4.0.27.Final.jar
Download https://repo.maven.apache.org/maven2/io/netty/netty-transport-native-epoll/4.0.27.Final/netty-transport-native-epoll-4.0.27.Final.jar
Download https://repo.maven.apache.org/maven2/io/netty/netty-handler/4.1.22.Final/netty-handler-4.1.22.Final.jar
Download https://repo.maven.apache.org/maven2/io/netty/netty-transport/4.1.22.Final/netty-transport-4.1.22.Final.jar
Download https://repo.maven.apache.org/maven2/io/netty/netty-codec/4.1.22.Final/netty-codec-4.1.22.Final.jar
Download https://repo.maven.apache.org/maven2/io/netty/netty-buffer/4.1.22.Final/netty-buffer-4.1.22.Final.jar
Download https://repo.maven.apache.org/maven2/io/netty/netty-resolver/4.1.22.Final/netty-resolver-4.1.22.Final.jar
Download https://repo.maven.apache.org/maven2/io/netty/netty-common/4.1.22.Final/netty-common-4.1.22.Final.jar
:processResources
:classes
:bootRun
Download https://repo.maven.apache.org/maven2/org/springframework/boot/spring-boot-devtools/1.5.8.RELEASE/spring-boot-devtools-1.5.8.RELEASE.pom
Download https://repo.maven.apache.org/maven2/org/postgresql/postgresql/9.4.1212.jre7/postgresql-9.4.1212.jre7.pom
Download https://repo.maven.apache.org/maven2/org/postgresql/pgjdbc-core-prevjre/1.1.2/pgjdbc-core-prevjre-1.1.2.pom
Download https://repo.maven.apache.org/maven2/org/postgresql/pgjdbc-core-parent/1.1.2/pgjdbc-core-parent-1.1.2.pom
Download https://repo.maven.apache.org/maven2/org/postgresql/pgjdbc-versions/1.1.2/pgjdbc-versions-1.1.2.pom
Download https://repo.maven.apache.org/maven2/org/springframework/boot/spring-boot-devtools/1.5.8.RELEASE/spring-boot-devtools-1.5.8.RELEASE.jar
Download https://repo.maven.apache.org/maven2/org/postgresql/postgresql/9.4.1212.jre7/postgresql-9.4.1212.jre7.jar
22:01:44.661 [main] DEBUG org.springframework.boot.devtools.settings.DevToolsSettings - Included patterns for restart : []
22:01:44.683 [main] DEBUG org.springframework.boot.devtools.settings.DevToolsSettings - Excluded patterns for restart : [/spring-boot-starter/target/classes/, /spring-boot-autoconfigure/target/classes/, /spring-boot-starter-[\w-]+/, /spring-boot/target/classes/, /spring-boot-actuator/target/classes/, /spring-boot-devtools/target/classes/]
22:01:44.684 [main] DEBUG org.springframework.boot.devtools.restart.ChangeableUrls - Matching URLs for reloading : [file:/app/build/classes/java/main/, file:/app/build/resources/main/]
2018-06-08 22:01:52.428  INFO 70 --- [  restartedMain] s.c.a.AnnotationConfigApplicationContext : Refreshing org.springframework.context.annotation.AnnotationConfigApplicationContext@5de291be: startup date [Fri Jun 08 22:01:51 GMT 2018]; root of context hierarchy
2018-06-08 22:01:54.843  INFO 70 --- [  restartedMain] f.a.AutowiredAnnotationBeanPostProcessor : JSR-330 'javax.inject.Inject' annotation found and supported for autowiring
2018-06-08 22:01:57.775  INFO 70 --- [  restartedMain] trationDelegate$BeanPostProcessorChecker : Bean 'configurationPropertiesRebinderAutoConfiguration' of type [org.springframework.cloud.autoconfigure.ConfigurationPropertiesRebinderAutoConfiguration$$EnhancerBySpringCGLIB$$831e5fca] is not eligible for getting processed by all BeanPostProcessors (for example: not eligible for auto-proxying)

  .   ____          _            __ _ _
 /\\ / ___'_ __ _ _(_)_ __  __ _ \ \ \ \
( ( )\___ | '_ | '_| | '_ \/ _` | \ \ \ \
 \\/  ___)| |_)| | | | | || (_| |  ) ) ) )
  '  |____| .__|_| |_|_| |_\__, | / / / /
 =========|_|==============|___/=/_/_/_/
[32m :: Spring Boot :: [39m      [2m (v1.5.8.RELEASE)[0;39m

[2m2018-06-08 22:02:00.813[0;39m [32m INFO[0;39m [35m70[0;39m [2m---[0;39m [2m[  restartedMain][0;39m [36mMoodcheckerApiApplication               [0;39m [2m:[0;39m The following profiles are active: dev
[2m2018-06-08 22:02:00.914[0;39m [32m INFO[0;39m [35m70[0;39m [2m---[0;39m [2m[  restartedMain][0;39m [36mationConfigEmbeddedWebApplicationContext[0;39m [2m:[0;39m Refreshing org.springframework.boot.context.embedded.AnnotationConfigEmbeddedWebApplicationContext@5a7cda3f: startup date [Fri Jun 08 22:02:00 GMT 2018]; parent: org.springframework.context.annotation.AnnotationConfigApplicationContext@5de291be
[2m2018-06-08 22:02:00.955[0;39m [33m WARN[0;39m [35m70[0;39m [2m---[0;39m [2m[  restartedMain][0;39m [36mionWarningsApplicationContextInitializer[0;39m [2m:[0;39m 

** WARNING ** : Your ApplicationContext is unlikely to start due to a @ComponentScan of the default package.


[2m2018-06-09 01:18:43.856[0;39m [33m WARN[0;39m [35m70[0;39m [2m---[0;39m [2m[  restartedMain][0;39m [36mationConfigEmbeddedWebApplicationContext[0;39m [2m:[0;39m Exception encountered during context initialization - cancelling refresh attempt: org.springframework.beans.factory.BeanDefinitionStoreException: Failed to parse configuration class [MoodcheckerApiApplication]; nested exception is java.io.FileNotFoundException: class path resource [org/springframework/cache/jcache/config/AbstractJCacheConfiguration.class] cannot be opened because it does not exist
[2m2018-06-09 01:18:44.698[0;39m [31mERROR[0;39m [35m70[0;39m [2m---[0;39m [2m[  restartedMain][0;39m [36mo.s.b.f.s.DefaultListableBeanFactory    [0;39m [2m:[0;39m Destroy method on bean with name 'org.springframework.boot.autoconfigure.internalCachingMetadataReaderFactory' threw an exception

java.lang.IllegalStateException: ApplicationEventMulticaster not initialized - call 'refresh' before multicasting events via the context: org.springframework.boot.context.embedded.AnnotationConfigEmbeddedWebApplicationContext@5a7cda3f: startup date [Fri Jun 08 22:02:00 GMT 2018]; parent: org.springframework.context.annotation.AnnotationConfigApplicationContext@5de291be
	at org.springframework.context.support.AbstractApplicationContext.getApplicationEventMulticaster(AbstractApplicationContext.java:414) [spring-context-4.3.12.RELEASE.jar:4.3.12.RELEASE]
	at org.springframework.context.support.ApplicationListenerDetector.postProcessBeforeDestruction(ApplicationListenerDetector.java:97) ~[spring-context-4.3.12.RELEASE.jar:4.3.12.RELEASE]
	at org.springframework.beans.factory.support.DisposableBeanAdapter.destroy(DisposableBeanAdapter.java:253) ~[spring-beans-4.3.12.RELEASE.jar:4.3.12.RELEASE]
	at org.springframework.beans.factory.support.DefaultSingletonBeanRegistry.destroyBean(DefaultSingletonBeanRegistry.java:578) [spring-beans-4.3.12.RELEASE.jar:4.3.12.RELEASE]
	at org.springframework.beans.factory.support.DefaultSingletonBeanRegistry.destroySingleton(DefaultSingletonBeanRegistry.java:554) [spring-beans-4.3.12.RELEASE.jar:4.3.12.RELEASE]
	at org.springframework.beans.factory.support.DefaultListableBeanFactory.destroySingleton(DefaultListableBeanFactory.java:961) [spring-beans-4.3.12.RELEASE.jar:4.3.12.RELEASE]
	at org.springframework.beans.factory.support.DefaultSingletonBeanRegistry.destroySingletons(DefaultSingletonBeanRegistry.java:523) [spring-beans-4.3.12.RELEASE.jar:4.3.12.RELEASE]
	at org.springframework.beans.factory.support.FactoryBeanRegistrySupport.destroySingletons(FactoryBeanRegistrySupport.java:230) [spring-beans-4.3.12.RELEASE.jar:4.3.12.RELEASE]
	at org.springframework.beans.factory.support.DefaultListableBeanFactory.destroySingletons(DefaultListableBeanFactory.java:968) [spring-beans-4.3.12.RELEASE.jar:4.3.12.RELEASE]
	at org.springframework.context.support.AbstractApplicationContext.destroyBeans(AbstractApplicationContext.java:1030) [spring-context-4.3.12.RELEASE.jar:4.3.12.RELEASE]
	at org.springframework.context.support.AbstractApplicationContext.refresh(AbstractApplicationContext.java:556) [spring-context-4.3.12.RELEASE.jar:4.3.12.RELEASE]
	at org.springframework.boot.context.embedded.EmbeddedWebApplicationContext.refresh(EmbeddedWebApplicationContext.java:122) [spring-boot-1.5.8.RELEASE.jar:1.5.8.RELEASE]
	at org.springframework.boot.SpringApplication.refresh(SpringApplication.java:693) [spring-boot-1.5.8.RELEASE.jar:1.5.8.RELEASE]
	at org.springframework.boot.SpringApplication.refreshContext(SpringApplication.java:360) [spring-boot-1.5.8.RELEASE.jar:1.5.8.RELEASE]
	at org.springframework.boot.SpringApplication.run(SpringApplication.java:303) [spring-boot-1.5.8.RELEASE.jar:1.5.8.RELEASE]
	at org.springframework.boot.SpringApplication.run(SpringApplication.java:1118) [spring-boot-1.5.8.RELEASE.jar:1.5.8.RELEASE]
	at org.springframework.boot.SpringApplication.run(SpringApplication.java:1107) [spring-boot-1.5.8.RELEASE.jar:1.5.8.RELEASE]
	at MoodcheckerApiApplication.main(MoodcheckerApiApplication.java:18) [main/:na]
	at sun.reflect.NativeMethodAccessorImpl.invoke0(Native Method) ~[na:1.8.0_172]
	at sun.reflect.NativeMethodAccessorImpl.invoke(NativeMethodAccessorImpl.java:62) ~[na:1.8.0_172]
	at sun.reflect.DelegatingMethodAccessorImpl.invoke(DelegatingMethodAccessorImpl.java:43) ~[na:1.8.0_172]
	at java.lang.reflect.Method.invoke(Method.java:498) ~[na:1.8.0_172]
	at org.springframework.boot.devtools.restart.RestartLauncher.run(RestartLauncher.java:49) [spring-boot-devtools-1.5.8.RELEASE.jar:1.5.8.RELEASE]

[2m2018-06-09 01:18:45.793[0;39m [32m INFO[0;39m [35m70[0;39m [2m---[0;39m [2m[  restartedMain][0;39m [36mutoConfigurationReportLoggingInitializer[0;39m [2m:[0;39m 

Error starting ApplicationContext. To display the auto-configuration report re-run your application with 'debug' enabled.
[2m2018-06-09 01:18:47.545[0;39m [31mERROR[0;39m [35m70[0;39m [2m---[0;39m [2m[  restartedMain][0;39m [36mo.s.boot.SpringApplication              [0;39m [2m:[0;39m Application startup failed

org.springframework.beans.factory.BeanDefinitionStoreException: Failed to parse configuration class [MoodcheckerApiApplication]; nested exception is java.io.FileNotFoundException: class path resource [org/springframework/cache/jcache/config/AbstractJCacheConfiguration.class] cannot be opened because it does not exist
	at org.springframework.context.annotation.ConfigurationClassParser.parse(ConfigurationClassParser.java:181) ~[spring-context-4.3.12.RELEASE.jar:4.3.12.RELEASE]
	at org.springframework.context.annotation.ConfigurationClassPostProcessor.processConfigBeanDefinitions(ConfigurationClassPostProcessor.java:308) ~[spring-context-4.3.12.RELEASE.jar:4.3.12.RELEASE]
	at org.springframework.context.annotation.ConfigurationClassPostProcessor.postProcessBeanDefinitionRegistry(ConfigurationClassPostProcessor.java:228) ~[spring-context-4.3.12.RELEASE.jar:4.3.12.RELEASE]
	at org.springframework.context.support.PostProcessorRegistrationDelegate.invokeBeanDefinitionRegistryPostProcessors(PostProcessorRegistrationDelegate.java:272) ~[spring-context-4.3.12.RELEASE.jar:4.3.12.RELEASE]
	at org.springframework.context.support.PostProcessorRegistrationDelegate.invokeBeanFactoryPostProcessors(PostProcessorRegistrationDelegate.java:92) ~[spring-context-4.3.12.RELEASE.jar:4.3.12.RELEASE]
	at org.springframework.context.support.AbstractApplicationContext.invokeBeanFactoryPostProcessors(AbstractApplicationContext.java:687) ~[spring-context-4.3.12.RELEASE.jar:4.3.12.RELEASE]
	at org.springframework.context.support.AbstractApplicationContext.refresh(AbstractApplicationContext.java:525) ~[spring-context-4.3.12.RELEASE.jar:4.3.12.RELEASE]
	at org.springframework.boot.context.embedded.EmbeddedWebApplicationContext.refresh(EmbeddedWebApplicationContext.java:122) ~[spring-boot-1.5.8.RELEASE.jar:1.5.8.RELEASE]
	at org.springframework.boot.SpringApplication.refresh(SpringApplication.java:693) [spring-boot-1.5.8.RELEASE.jar:1.5.8.RELEASE]
	at org.springframework.boot.SpringApplication.refreshContext(SpringApplication.java:360) [spring-boot-1.5.8.RELEASE.jar:1.5.8.RELEASE]
	at org.springframework.boot.SpringApplication.run(SpringApplication.java:303) [spring-boot-1.5.8.RELEASE.jar:1.5.8.RELEASE]
	at org.springframework.boot.SpringApplication.run(SpringApplication.java:1118) [spring-boot-1.5.8.RELEASE.jar:1.5.8.RELEASE]
	at org.springframework.boot.SpringApplication.run(SpringApplication.java:1107) [spring-boot-1.5.8.RELEASE.jar:1.5.8.RELEASE]
	at MoodcheckerApiApplication.main(MoodcheckerApiApplication.java:18) [main/:na]
	at sun.reflect.NativeMethodAccessorImpl.invoke0(Native Method) ~[na:1.8.0_172]
	at sun.reflect.NativeMethodAccessorImpl.invoke(NativeMethodAccessorImpl.java:62) ~[na:1.8.0_172]
	at sun.reflect.DelegatingMethodAccessorImpl.invoke(DelegatingMethodAccessorImpl.java:43) ~[na:1.8.0_172]
	at java.lang.reflect.Method.invoke(Method.java:498) ~[na:1.8.0_172]
	at org.springframework.boot.devtools.restart.RestartLauncher.run(RestartLauncher.java:49) [spring-boot-devtools-1.5.8.RELEASE.jar:1.5.8.RELEASE]
Caused by: java.io.FileNotFoundException: class path resource [org/springframework/cache/jcache/config/AbstractJCacheConfiguration.class] cannot be opened because it does not exist
	at org.springframework.core.io.ClassPathResource.getInputStream(ClassPathResource.java:172) ~[spring-core-4.3.12.RELEASE.jar:4.3.12.RELEASE]
	at org.springframework.core.type.classreading.SimpleMetadataReader.<init>(SimpleMetadataReader.java:50) ~[spring-core-4.3.12.RELEASE.jar:4.3.12.RELEASE]
	at org.springframework.core.type.classreading.SimpleMetadataReaderFactory.getMetadataReader(SimpleMetadataReaderFactory.java:98) ~[spring-core-4.3.12.RELEASE.jar:4.3.12.RELEASE]
	at org.springframework.boot.type.classreading.ConcurrentReferenceCachingMetadataReaderFactory.createMetadataReader(ConcurrentReferenceCachingMetadataReaderFactory.java:89) ~[spring-boot-1.5.8.RELEASE.jar:1.5.8.RELEASE]
	at org.springframework.boot.type.classreading.ConcurrentReferenceCachingMetadataReaderFactory.getMetadataReader(ConcurrentReferenceCachingMetadataReaderFactory.java:76) ~[spring-boot-1.5.8.RELEASE.jar:1.5.8.RELEASE]
	at org.springframework.core.type.classreading.SimpleMetadataReaderFactory.getMetadataReader(SimpleMetadataReaderFactory.java:93) ~[spring-core-4.3.12.RELEASE.jar:4.3.12.RELEASE]
	at org.springframework.context.annotation.ConfigurationClassParser.asSourceClass(ConfigurationClassParser.java:693) ~[spring-context-4.3.12.RELEASE.jar:4.3.12.RELEASE]
	at org.springframework.context.annotation.ConfigurationClassParser$SourceClass.getSuperClass(ConfigurationClassParser.java:857) ~[spring-context-4.3.12.RELEASE.jar:4.3.12.RELEASE]
	at org.springframework.context.annotation.ConfigurationClassParser.doProcessConfigurationClass(ConfigurationClassParser.java:328) ~[spring-context-4.3.12.RELEASE.jar:4.3.12.RELEASE]
	at org.springframework.context.annotation.ConfigurationClassParser.processConfigurationClass(ConfigurationClassParser.java:245) ~[spring-context-4.3.12.RELEASE.jar:4.3.12.RELEASE]
	at org.springframework.context.annotation.ConfigurationClassParser.parse(ConfigurationClassParser.java:190) ~[spring-context-4.3.12.RELEASE.jar:4.3.12.RELEASE]
	at org.springframework.context.annotation.ConfigurationClassParser.doProcessConfigurationClass(ConfigurationClassParser.java:292) ~[spring-context-4.3.12.RELEASE.jar:4.3.12.RELEASE]
	at org.springframework.context.annotation.ConfigurationClassParser.processConfigurationClass(ConfigurationClassParser.java:245) ~[spring-context-4.3.12.RELEASE.jar:4.3.12.RELEASE]
	at org.springframework.context.annotation.ConfigurationClassParser.parse(ConfigurationClassParser.java:198) ~[spring-context-4.3.12.RELEASE.jar:4.3.12.RELEASE]
	at org.springframework.context.annotation.ConfigurationClassParser.parse(ConfigurationClassParser.java:167) ~[spring-context-4.3.12.RELEASE.jar:4.3.12.RELEASE]
	... 18 common frames omitted


BUILD SUCCESSFUL in 3h 26m 52s
3 actionable tasks: 3 executed
01:19:06.720 [DEBUG] [org.gradle.cache.internal.DefaultFileLockManager] Lock acquired on daemon addresses registry.
01:19:06.728 [DEBUG] [org.gradle.launcher.daemon.server.exec.ExecuteBuild] The daemon has finished executing the build.
01:19:06.831 [DEBUG] [org.gradle.cache.internal.DefaultFileLockManager] Releasing lock on daemon addresses registry.
01:19:07.019 [DEBUG] [org.gradle.launcher.daemon.server.DaemonStateCoordinator] daemon is running. Sleeping until state changes.
01:19:07.068 [DEBUG] [org.gradle.launcher.daemon.server.DaemonStateCoordinator] Command execution: finished waiting for DaemonCommandExecution[command = Build{id=9af71f62-1f51-42ef-9610-ebb6f10c0950.1, currentDir=/app}, connection = DefaultDaemonConnection: socket connection from /127.0.0.1:33569 to /127.0.0.1:51620]. Result org.gradle.launcher.daemon.server.DaemonStateCoordinator@72debb7b with state Busy
01:19:07.116 [DEBUG] [org.gradle.launcher.daemon.server.DaemonStateCoordinator] Command execution: completed DaemonCommandExecution[command = Build{id=9af71f62-1f51-42ef-9610-ebb6f10c0950.1, currentDir=/app}, connection = DefaultDaemonConnection: socket connection from /127.0.0.1:33569 to /127.0.0.1:51620]
01:19:07.151 [DEBUG] [org.gradle.launcher.daemon.server.DaemonStateCoordinator] resetting idle timer
01:19:07.194 [INFO] [org.gradle.launcher.daemon.server.DaemonRegistryUpdater] Marking the daemon as idle, address: [db07fdc4-4f1b-4164-8efc-b437b302c87e port:33569, addresses:[/127.0.0.1]]
01:19:07.205 [DEBUG] [org.gradle.launcher.daemon.registry.PersistentDaemonRegistry] Marking busy by address: [db07fdc4-4f1b-4164-8efc-b437b302c87e port:33569, addresses:[/127.0.0.1]]
01:19:07.258 [DEBUG] [org.gradle.cache.internal.DefaultFileLockManager] Waiting to acquire exclusive lock on daemon addresses registry.
01:19:07.307 [DEBUG] [org.gradle.cache.internal.DefaultFileLockManager] Lock acquired on daemon addresses registry.
01:19:07.448 [DEBUG] [org.gradle.cache.internal.DefaultFileLockManager] Releasing lock on daemon addresses registry.
01:19:07.484 [DEBUG] [org.gradle.launcher.daemon.server.DaemonStateCoordinator] daemon is running. Sleeping until state changes.
01:19:07.503 [DEBUG] [org.gradle.launcher.daemon.server.exec.ReturnResult] Daemon is dispatching the build result: Success[value=null]
01:19:07.522 [DEBUG] [org.gradle.launcher.daemon.server.SynchronizedDispatchConnection] thread 13: dispatching class org.gradle.launcher.daemon.protocol.Success
01:19:07.582 [DEBUG] [org.gradle.process.internal.health.memory.MemoryManager] Emitting OS memory status event {Total: 2096066560, Free: 482869248}
01:19:07.602 [DEBUG] [org.gradle.launcher.daemon.server.health.LowMemoryDaemonExpirationStrategy] Received memory status update: {Total: 2096066560, Free: 482869248}
01:19:07.645 [DEBUG] [org.gradle.process.internal.health.memory.MemoryManager] Emitting JVM memory status event {Maximum: 954728448, Committed: 397934592}
01:19:07.878 [DEBUG] [org.gradle.launcher.daemon.server.DefaultIncomingConnectionHandler] Finishing executing command: Build{id=9af71f62-1f51-42ef-9610-ebb6f10c0950.1, currentDir=/app}
01:19:10.297 [DEBUG] [org.gradle.launcher.daemon.server.SynchronizedDispatchConnection] thread 14: received class org.gradle.launcher.daemon.protocol.Finished
01:19:10.361 [DEBUG] [org.gradle.launcher.daemon.server.DefaultDaemonConnection] thread 14: Received non-IO message from client: org.gradle.launcher.daemon.protocol.Finished@8865a5
01:19:10.435 [DEBUG] [org.gradle.launcher.daemon.server.DefaultIncomingConnectionHandler] Received finished message: org.gradle.launcher.daemon.protocol.Finished@8865a5
01:19:10.477 [DEBUG] [org.gradle.launcher.daemon.server.SynchronizedDispatchConnection] thread 13: stopping connection
01:19:10.643 [DEBUG] [org.gradle.internal.remote.internal.inet.SocketConnection] Discarding EOFException: java.io.EOFException
01:19:10.659 [DEBUG] [org.gradle.launcher.daemon.server.SynchronizedDispatchConnection] thread 14: received null
01:19:10.669 [DEBUG] [org.gradle.launcher.daemon.server.DefaultDaemonConnection] thread 14: Received end-of-input from client.
01:19:10.686 [DEBUG] [org.gradle.launcher.daemon.server.SynchronizedDispatchConnection] thread 13: stopping connection
01:19:12.610 [DEBUG] [org.gradle.process.internal.health.memory.MemoryManager] Emitting OS memory status event {Total: 2096066560, Free: 482484224}
01:19:13.749 [DEBUG] [org.gradle.launcher.daemon.server.health.LowMemoryDaemonExpirationStrategy] Received memory status update: {Total: 2096066560, Free: 482484224}
01:19:13.759 [DEBUG] [org.gradle.process.internal.health.memory.MemoryManager] Emitting JVM memory status event {Maximum: 954728448, Committed: 397934592}
