16:58:41.186 [DEBUG] [org.gradle.launcher.daemon.bootstrap.DaemonMain] Assuming the daemon was started with following jvm opts: [-XX:+HeapDumpOnOutOfMemoryError, -Xmx1024m, -Dfile.encoding=UTF-8, -Duser.country, -Duser.language=en, -Duser.variant]
16:58:41.907 [INFO] [org.gradle.launcher.daemon.server.Daemon] start() called on daemon - DefaultDaemonContext[uid=f2910b5c-8f4b-4318-89ba-21d27ce19527,javaHome=/opt/jdk1.8.0_172,daemonRegistryDir=/app/cache/daemon,pid=28,idleTimeout=10800000,daemonOpts=-XX:+HeapDumpOnOutOfMemoryError,-Xmx1024m,-Dfile.encoding=UTF-8,-Duser.country,-Duser.language=en,-Duser.variant]
16:58:41.964 [DEBUG] [org.gradle.internal.remote.internal.inet.InetAddresses] Adding IP addresses for network interface eth0
16:58:41.968 [DEBUG] [org.gradle.internal.remote.internal.inet.InetAddresses] Is this a loopback interface? false
16:58:41.971 [DEBUG] [org.gradle.internal.remote.internal.inet.InetAddresses] Is this a multicast interface? true
16:58:41.975 [DEBUG] [org.gradle.internal.remote.internal.inet.InetAddresses] Adding remote address /172.18.0.4
16:58:41.978 [DEBUG] [org.gradle.internal.remote.internal.inet.InetAddresses] Adding remote multicast interface eth0
16:58:41.985 [DEBUG] [org.gradle.internal.remote.internal.inet.InetAddresses] Adding IP addresses for network interface lo
16:58:41.989 [DEBUG] [org.gradle.internal.remote.internal.inet.InetAddresses] Is this a loopback interface? true
16:58:41.993 [DEBUG] [org.gradle.internal.remote.internal.inet.InetAddresses] Is this a multicast interface? false
16:58:41.997 [DEBUG] [org.gradle.internal.remote.internal.inet.InetAddresses] Adding loopback address /127.0.0.1
16:58:42.004 [DEBUG] [org.gradle.internal.remote.internal.inet.TcpIncomingConnector] Listening on [0af1aa85-9f6e-4f01-becc-e75c1491598d port:45799, addresses:[/127.0.0.1]].
16:58:42.016 [DEBUG] [org.gradle.launcher.daemon.server.Daemon] Daemon starting at: Mon Jun 11 16:58:42 GMT 2018, with address: [0af1aa85-9f6e-4f01-becc-e75c1491598d port:45799, addresses:[/127.0.0.1]]
16:58:42.036 [INFO] [org.gradle.launcher.daemon.server.DaemonRegistryUpdater] Advertising the daemon address to the clients: [0af1aa85-9f6e-4f01-becc-e75c1491598d port:45799, addresses:[/127.0.0.1]]
16:58:42.050 [DEBUG] [org.gradle.launcher.daemon.server.DaemonRegistryUpdater] Advertised daemon context: DefaultDaemonContext[uid=f2910b5c-8f4b-4318-89ba-21d27ce19527,javaHome=/opt/jdk1.8.0_172,daemonRegistryDir=/app/cache/daemon,pid=28,idleTimeout=10800000,daemonOpts=-XX:+HeapDumpOnOutOfMemoryError,-Xmx1024m,-Dfile.encoding=UTF-8,-Duser.country,-Duser.language=en,-Duser.variant]
16:58:42.057 [DEBUG] [org.gradle.launcher.daemon.registry.PersistentDaemonRegistry] Storing daemon address: [0af1aa85-9f6e-4f01-becc-e75c1491598d port:45799, addresses:[/127.0.0.1]], context: DefaultDaemonContext[uid=f2910b5c-8f4b-4318-89ba-21d27ce19527,javaHome=/opt/jdk1.8.0_172,daemonRegistryDir=/app/cache/daemon,pid=28,idleTimeout=10800000,daemonOpts=-XX:+HeapDumpOnOutOfMemoryError,-Xmx1024m,-Dfile.encoding=UTF-8,-Duser.country,-Duser.language=en,-Duser.variant]
16:58:42.146 [DEBUG] [org.gradle.cache.internal.DefaultFileLockManager] Waiting to acquire exclusive lock on daemon addresses registry.
16:58:42.169 [DEBUG] [org.gradle.cache.internal.DefaultFileLockManager] Lock acquired on daemon addresses registry.
16:58:42.246 [DEBUG] [org.gradle.cache.internal.DefaultFileLockManager] Releasing lock on daemon addresses registry.
16:58:42.253 [LIFECYCLE] [org.gradle.launcher.daemon.server.Daemon] Daemon server started.
16:58:42.279 [DEBUG] [org.gradle.launcher.daemon.bootstrap.DaemonStartupCommunication] Completed writing the daemon greeting. Closing streams...
16:58:42.339 [DEBUG] [org.gradle.launcher.daemon.server.Daemon] stopOnExpiration() called on daemon
16:58:42.398 [DEBUG] [org.gradle.internal.remote.internal.inet.TcpIncomingConnector] Accepted connection from /127.0.0.1:43708 to /127.0.0.1:45799.
16:58:42.413 [DEBUG] [org.gradle.launcher.daemon.server.Daemon] awaitExpiration() called on daemon
16:58:42.436 [DEBUG] [org.gradle.launcher.daemon.server.DaemonStateCoordinator] daemon is running. Sleeping until state changes.
16:58:43.420 [DEBUG] [org.gradle.launcher.daemon.server.SynchronizedDispatchConnection] thread 14: received class org.gradle.launcher.daemon.protocol.Build
16:58:43.425 [DEBUG] [org.gradle.launcher.daemon.server.DefaultDaemonConnection] thread 14: Received non-IO message from client: Build{id=2a1765df-2bdc-487e-973a-e044521e8971.1, currentDir=/app}
16:58:43.433 [INFO] [org.gradle.launcher.daemon.server.DefaultIncomingConnectionHandler] Received command: Build{id=2a1765df-2bdc-487e-973a-e044521e8971.1, currentDir=/app}.
16:58:43.439 [DEBUG] [org.gradle.launcher.daemon.server.DefaultIncomingConnectionHandler] Starting executing command: Build{id=2a1765df-2bdc-487e-973a-e044521e8971.1, currentDir=/app} with connection: socket connection from /127.0.0.1:45799 to /127.0.0.1:43708.
16:58:43.449 [ERROR] [org.gradle.launcher.daemon.server.DaemonStateCoordinator] Command execution: started DaemonCommandExecution[command = Build{id=2a1765df-2bdc-487e-973a-e044521e8971.1, currentDir=/app}, connection = DefaultDaemonConnection: socket connection from /127.0.0.1:45799 to /127.0.0.1:43708] after 0.0 minutes of idle
16:58:43.453 [INFO] [org.gradle.launcher.daemon.server.DaemonRegistryUpdater] Marking the daemon as busy, address: [0af1aa85-9f6e-4f01-becc-e75c1491598d port:45799, addresses:[/127.0.0.1]]
16:58:43.471 [DEBUG] [org.gradle.launcher.daemon.registry.PersistentDaemonRegistry] Marking busy by address: [0af1aa85-9f6e-4f01-becc-e75c1491598d port:45799, addresses:[/127.0.0.1]]
16:58:43.480 [DEBUG] [org.gradle.cache.internal.DefaultFileLockManager] Waiting to acquire exclusive lock on daemon addresses registry.
16:58:43.486 [DEBUG] [org.gradle.cache.internal.DefaultFileLockManager] Lock acquired on daemon addresses registry.
16:58:43.507 [DEBUG] [org.gradle.cache.internal.DefaultFileLockManager] Releasing lock on daemon addresses registry.
16:58:43.514 [DEBUG] [org.gradle.launcher.daemon.server.DaemonStateCoordinator] resetting idle timer
16:58:43.518 [DEBUG] [org.gradle.launcher.daemon.server.DaemonStateCoordinator] daemon is running. Sleeping until state changes.
16:58:43.524 [INFO] [org.gradle.launcher.daemon.server.exec.StartBuildOrRespondWithBusy] Daemon is about to start building Build{id=2a1765df-2bdc-487e-973a-e044521e8971.1, currentDir=/app}. Dispatching build started information...
16:58:43.538 [DEBUG] [org.gradle.launcher.daemon.server.SynchronizedDispatchConnection] thread 16: dispatching class org.gradle.launcher.daemon.protocol.BuildStarted
16:58:43.607 [DEBUG] [org.gradle.launcher.daemon.server.exec.EstablishBuildEnvironment] Configuring env variables: {PATH=/usr/local/sbin:/usr/local/bin:/usr/sbin:/usr/bin:/sbin:/bin:/opt/jdk/bin, JAVA_JCE=unlimited, SPRING_PROFILES_ACTIVE=dev, JAVA_HOME=/opt/jdk, OLDPWD=/app, GLIBC_VERSION=2.27-r0, LANG=C.UTF-8, JAVA_VERSION_MAJOR=8, GRADLE_USER_HOME=cache, HOSTNAME=2379896a8df9, GLIBC_REPO=https://github.com/sgerrand/alpine-pkg-glibc, JAVA_VERSION_MINOR=172, PWD=/app, JAVA_PACKAGE=jdk, JAVA_VERSION_BUILD=11, HOME=/root, SHLVL=1}
16:58:43.643 [DEBUG] [org.gradle.launcher.daemon.server.SynchronizedDispatchConnection] thread 14: received class org.gradle.launcher.daemon.protocol.CloseInput
16:58:43.653 [DEBUG] [org.gradle.launcher.daemon.server.DefaultDaemonConnection] thread 14: Received IO message from client: org.gradle.launcher.daemon.protocol.CloseInput@5ef1c301
16:58:43.690 [DEBUG] [org.gradle.launcher.daemon.server.exec.LogToClient] About to start relaying all logs to the client via the connection.
16:58:43.713 [INFO] [org.gradle.launcher.daemon.server.exec.LogToClient] The client will now receive all logging from the daemon (pid: 28). The daemon log file: /app/cache/daemon/4.5.1/daemon-28.out.log
16:58:43.718 [INFO] [org.gradle.launcher.daemon.server.exec.LogAndCheckHealth] Starting build in new daemon [memory: 954.7 MB]
16:58:43.727 [INFO] [org.gradle.launcher.daemon.server.exec.ForwardClientInput] Closing daemon's stdin at end of input.
16:58:43.744 [INFO] [org.gradle.launcher.daemon.server.exec.ForwardClientInput] The daemon will no longer process any standard input.
16:58:43.771 [DEBUG] [org.gradle.launcher.daemon.server.exec.ExecuteBuild] The daemon has started executing the build.
16:58:43.781 [DEBUG] [org.gradle.launcher.daemon.server.exec.ExecuteBuild] Executing build with daemon context: DefaultDaemonContext[uid=f2910b5c-8f4b-4318-89ba-21d27ce19527,javaHome=/opt/jdk1.8.0_172,daemonRegistryDir=/app/cache/daemon,pid=28,idleTimeout=10800000,daemonOpts=-XX:+HeapDumpOnOutOfMemoryError,-Xmx1024m,-Dfile.encoding=UTF-8,-Duser.country,-Duser.language=en,-Duser.variant]
:compileJava
:processResources UP-TO-DATE
:classes
:bootRun
2018-06-11 17:00:28.176  INFO 66 --- [           main] s.c.a.AnnotationConfigApplicationContext : Refreshing org.springframework.context.annotation.AnnotationConfigApplicationContext@21de60b4: startup date [Mon Jun 11 17:00:28 GMT 2018]; root of context hierarchy
2018-06-11 17:00:35.686  INFO 66 --- [           main] f.a.AutowiredAnnotationBeanPostProcessor : JSR-330 'javax.inject.Inject' annotation found and supported for autowiring
2018-06-11 17:00:37.244  INFO 66 --- [           main] trationDelegate$BeanPostProcessorChecker : Bean 'configurationPropertiesRebinderAutoConfiguration' of type [org.springframework.cloud.autoconfigure.ConfigurationPropertiesRebinderAutoConfiguration$$EnhancerBySpringCGLIB$$db6684ed] is not eligible for getting processed by all BeanPostProcessors (for example: not eligible for auto-proxying)

  .   ____          _            __ _ _
 /\\ / ___'_ __ _ _(_)_ __  __ _ \ \ \ \
( ( )\___ | '_ | '_| | '_ \/ _` | \ \ \ \
 \\/  ___)| |_)| | | | | || (_| |  ) ) ) )
  '  |____| .__|_| |_|_| |_\__, | / / / /
 =========|_|==============|___/=/_/_/_/
[32m :: Spring Boot :: [39m      [2m (v1.5.8.RELEASE)[0;39m

[2m2018-06-11 17:00:44.932[0;39m [32m INFO[0;39m [35m66[0;39m [2m---[0;39m [2m[           main][0;39m [36mc.e.apigateway.ZuulGatewayApplication   [0;39m [2m:[0;39m The following profiles are active: dev
[2m2018-06-11 17:00:45.223[0;39m [32m INFO[0;39m [35m66[0;39m [2m---[0;39m [2m[           main][0;39m [36mationConfigEmbeddedWebApplicationContext[0;39m [2m:[0;39m Refreshing org.springframework.boot.context.embedded.AnnotationConfigEmbeddedWebApplicationContext@5812f68b: startup date [Mon Jun 11 17:00:45 GMT 2018]; parent: org.springframework.context.annotation.AnnotationConfigApplicationContext@21de60b4
[2m2018-06-11 17:00:58.175[0;39m [32m INFO[0;39m [35m66[0;39m [2m---[0;39m [2m[           main][0;39m [36mo.s.b.f.s.DefaultListableBeanFactory    [0;39m [2m:[0;39m Overriding bean definition for bean 'counterFactory' with a different definition: replacing [Root bean: class [null]; scope=; abstract=false; lazyInit=false; autowireMode=3; dependencyCheck=0; autowireCandidate=true; primary=false; factoryBeanName=org.springframework.cloud.netflix.zuul.ZuulServerAutoConfiguration$ZuulMetricsConfiguration; factoryMethodName=counterFactory; initMethodName=null; destroyMethodName=(inferred); defined in class path resource [org/springframework/cloud/netflix/zuul/ZuulServerAutoConfiguration$ZuulMetricsConfiguration.class]] with [Root bean: class [null]; scope=; abstract=false; lazyInit=false; autowireMode=3; dependencyCheck=0; autowireCandidate=true; primary=false; factoryBeanName=org.springframework.cloud.netflix.zuul.ZuulServerAutoConfiguration$ZuulCounterFactoryConfiguration; factoryMethodName=counterFactory; initMethodName=null; destroyMethodName=(inferred); defined in class path resource [org/springframework/cloud/netflix/zuul/ZuulServerAutoConfiguration$ZuulCounterFactoryConfiguration.class]]
[2m2018-06-11 17:01:01.700[0;39m [32m INFO[0;39m [35m66[0;39m [2m---[0;39m [2m[           main][0;39m [36mo.s.cloud.context.scope.GenericScope    [0;39m [2m:[0;39m BeanFactory id=0b8c75a2-4170-3528-8322-bed24cdeb164
[2m2018-06-11 17:01:01.986[0;39m [32m INFO[0;39m [35m66[0;39m [2m---[0;39m [2m[           main][0;39m [36mf.a.AutowiredAnnotationBeanPostProcessor[0;39m [2m:[0;39m JSR-330 'javax.inject.Inject' annotation found and supported for autowiring
[2m2018-06-11 17:01:04.154[0;39m [32m INFO[0;39m [35m66[0;39m [2m---[0;39m [2m[           main][0;39m [36mtrationDelegate$BeanPostProcessorChecker[0;39m [2m:[0;39m Bean 'org.springframework.cloud.netflix.metrics.MetricsInterceptorConfiguration$MetricsRestTemplateConfiguration' of type [org.springframework.cloud.netflix.metrics.MetricsInterceptorConfiguration$MetricsRestTemplateConfiguration$$EnhancerBySpringCGLIB$$f1792831] is not eligible for getting processed by all BeanPostProcessors (for example: not eligible for auto-proxying)
[2m2018-06-11 17:01:06.868[0;39m [32m INFO[0;39m [35m66[0;39m [2m---[0;39m [2m[           main][0;39m [36mtrationDelegate$BeanPostProcessorChecker[0;39m [2m:[0;39m Bean 'org.springframework.cloud.autoconfigure.ConfigurationPropertiesRebinderAutoConfiguration' of type [org.springframework.cloud.autoconfigure.ConfigurationPropertiesRebinderAutoConfiguration$$EnhancerBySpringCGLIB$$db6684ed] is not eligible for getting processed by all BeanPostProcessors (for example: not eligible for auto-proxying)
[2m2018-06-11 17:01:13.498[0;39m [32m INFO[0;39m [35m66[0;39m [2m---[0;39m [2m[           main][0;39m [36ms.b.c.e.t.TomcatEmbeddedServletContainer[0;39m [2m:[0;39m Tomcat initialized with port(s): 8080 (http)
[2m2018-06-11 17:01:13.847[0;39m [32m INFO[0;39m [35m66[0;39m [2m---[0;39m [2m[           main][0;39m [36mo.apache.catalina.core.StandardService  [0;39m [2m:[0;39m Starting service [Tomcat]
[2m2018-06-11 17:01:13.870[0;39m [32m INFO[0;39m [35m66[0;39m [2m---[0;39m [2m[           main][0;39m [36morg.apache.catalina.core.StandardEngine [0;39m [2m:[0;39m Starting Servlet Engine: Apache Tomcat/8.5.23
[2m2018-06-11 17:01:18.180[0;39m [32m INFO[0;39m [35m66[0;39m [2m---[0;39m [2m[ost-startStop-1][0;39m [36mo.a.c.c.C.[Tomcat].[localhost].[/]      [0;39m [2m:[0;39m Initializing Spring embedded WebApplicationContext
[2m2018-06-11 17:01:18.182[0;39m [32m INFO[0;39m [35m66[0;39m [2m---[0;39m [2m[ost-startStop-1][0;39m [36mo.s.web.context.ContextLoader           [0;39m [2m:[0;39m Root WebApplicationContext: initialization completed in 32959 ms
[2m2018-06-11 17:01:28.949[0;39m [32m INFO[0;39m [35m66[0;39m [2m---[0;39m [2m[ost-startStop-1][0;39m [36mo.s.b.w.servlet.ServletRegistrationBean [0;39m [2m:[0;39m Mapping servlet: 'dispatcherServlet' to [/]
[2m2018-06-11 17:01:29.089[0;39m [32m INFO[0;39m [35m66[0;39m [2m---[0;39m [2m[ost-startStop-1][0;39m [36mo.s.b.w.servlet.ServletRegistrationBean [0;39m [2m:[0;39m Mapping servlet: 'zuulServlet' to [/zuul/*]
[2m2018-06-11 17:01:29.274[0;39m [32m INFO[0;39m [35m66[0;39m [2m---[0;39m [2m[ost-startStop-1][0;39m [36mo.s.b.w.servlet.FilterRegistrationBean  [0;39m [2m:[0;39m Mapping filter: 'metricsFilter' to: [/*]
[2m2018-06-11 17:01:29.277[0;39m [32m INFO[0;39m [35m66[0;39m [2m---[0;39m [2m[ost-startStop-1][0;39m [36mo.s.b.w.servlet.FilterRegistrationBean  [0;39m [2m:[0;39m Mapping filter: 'characterEncodingFilter' to: [/*]
[2m2018-06-11 17:01:29.292[0;39m [32m INFO[0;39m [35m66[0;39m [2m---[0;39m [2m[ost-startStop-1][0;39m [36mo.s.b.w.servlet.FilterRegistrationBean  [0;39m [2m:[0;39m Mapping filter: 'hiddenHttpMethodFilter' to: [/*]
[2m2018-06-11 17:01:29.293[0;39m [32m INFO[0;39m [35m66[0;39m [2m---[0;39m [2m[ost-startStop-1][0;39m [36mo.s.b.w.servlet.FilterRegistrationBean  [0;39m [2m:[0;39m Mapping filter: 'httpPutFormContentFilter' to: [/*]
[2m2018-06-11 17:01:29.293[0;39m [32m INFO[0;39m [35m66[0;39m [2m---[0;39m [2m[ost-startStop-1][0;39m [36mo.s.b.w.servlet.FilterRegistrationBean  [0;39m [2m:[0;39m Mapping filter: 'requestContextFilter' to: [/*]
[2m2018-06-11 17:01:29.301[0;39m [32m INFO[0;39m [35m66[0;39m [2m---[0;39m [2m[ost-startStop-1][0;39m [36mo.s.b.w.servlet.FilterRegistrationBean  [0;39m [2m:[0;39m Mapping filter: 'webRequestLoggingFilter' to: [/*]
[2m2018-06-11 17:01:29.318[0;39m [32m INFO[0;39m [35m66[0;39m [2m---[0;39m [2m[ost-startStop-1][0;39m [36mo.s.b.w.servlet.FilterRegistrationBean  [0;39m [2m:[0;39m Mapping filter: 'applicationContextIdFilter' to: [/*]
[2m2018-06-11 17:01:32.431[0;39m [33m WARN[0;39m [35m66[0;39m [2m---[0;39m [2m[           main][0;39m [36mc.n.c.sources.URLConfigurationSource    [0;39m [2m:[0;39m No URLs will be polled as dynamic configuration sources.
[2m2018-06-11 17:01:32.443[0;39m [32m INFO[0;39m [35m66[0;39m [2m---[0;39m [2m[           main][0;39m [36mc.n.c.sources.URLConfigurationSource    [0;39m [2m:[0;39m To enable URLs as dynamic configuration sources, define System property archaius.configurationSource.additionalUrls or make config.properties available on classpath.
[2m2018-06-11 17:01:32.621[0;39m [32m INFO[0;39m [35m66[0;39m [2m---[0;39m [2m[           main][0;39m [36mc.netflix.config.DynamicPropertyFactory [0;39m [2m:[0;39m DynamicPropertyFactory is initialized with configuration sources: com.netflix.config.ConcurrentCompositeConfiguration@50850539
[2m2018-06-11 17:01:39.173[0;39m [33m WARN[0;39m [35m66[0;39m [2m---[0;39m [2m[           main][0;39m [36mc.n.c.sources.URLConfigurationSource    [0;39m [2m:[0;39m No URLs will be polled as dynamic configuration sources.
[2m2018-06-11 17:01:39.174[0;39m [32m INFO[0;39m [35m66[0;39m [2m---[0;39m [2m[           main][0;39m [36mc.n.c.sources.URLConfigurationSource    [0;39m [2m:[0;39m To enable URLs as dynamic configuration sources, define System property archaius.configurationSource.additionalUrls or make config.properties available on classpath.
[2m2018-06-11 17:01:43.368[0;39m [32m INFO[0;39m [35m66[0;39m [2m---[0;39m [2m[           main][0;39m [36ms.w.s.m.m.a.RequestMappingHandlerAdapter[0;39m [2m:[0;39m Looking for @ControllerAdvice: org.springframework.boot.context.embedded.AnnotationConfigEmbeddedWebApplicationContext@5812f68b: startup date [Mon Jun 11 17:00:45 GMT 2018]; parent: org.springframework.context.annotation.AnnotationConfigApplicationContext@21de60b4
[2m2018-06-11 17:01:44.878[0;39m [32m INFO[0;39m [35m66[0;39m [2m---[0;39m [2m[           main][0;39m [36ms.w.s.m.m.a.RequestMappingHandlerMapping[0;39m [2m:[0;39m Mapped "{[/error],produces=[text/html]}" onto public org.springframework.web.servlet.ModelAndView org.springframework.boot.autoconfigure.web.BasicErrorController.errorHtml(javax.servlet.http.HttpServletRequest,javax.servlet.http.HttpServletResponse)
[2m2018-06-11 17:01:44.928[0;39m [32m INFO[0;39m [35m66[0;39m [2m---[0;39m [2m[           main][0;39m [36ms.w.s.m.m.a.RequestMappingHandlerMapping[0;39m [2m:[0;39m Mapped "{[/error]}" onto public org.springframework.http.ResponseEntity<java.util.Map<java.lang.String, java.lang.Object>> org.springframework.boot.autoconfigure.web.BasicErrorController.error(javax.servlet.http.HttpServletRequest)
[2m2018-06-11 17:01:45.722[0;39m [32m INFO[0;39m [35m66[0;39m [2m---[0;39m [2m[           main][0;39m [36mo.s.w.s.handler.SimpleUrlHandlerMapping [0;39m [2m:[0;39m Mapped URL path [/webjars/**] onto handler of type [class org.springframework.web.servlet.resource.ResourceHttpRequestHandler]
[2m2018-06-11 17:01:45.730[0;39m [32m INFO[0;39m [35m66[0;39m [2m---[0;39m [2m[           main][0;39m [36mo.s.w.s.handler.SimpleUrlHandlerMapping [0;39m [2m:[0;39m Mapped URL path [/**] onto handler of type [class org.springframework.web.servlet.resource.ResourceHttpRequestHandler]
[2m2018-06-11 17:01:46.338[0;39m [32m INFO[0;39m [35m66[0;39m [2m---[0;39m [2m[           main][0;39m [36mo.s.w.s.handler.SimpleUrlHandlerMapping [0;39m [2m:[0;39m Mapped URL path [/**/favicon.ico] onto handler of type [class org.springframework.web.servlet.resource.ResourceHttpRequestHandler]
[2m2018-06-11 17:01:53.869[0;39m [32m INFO[0;39m [35m66[0;39m [2m---[0;39m [2m[           main][0;39m [36mo.s.b.a.e.mvc.EndpointHandlerMapping    [0;39m [2m:[0;39m Mapped "{[/auditevents || /auditevents.json],methods=[GET],produces=[application/vnd.spring-boot.actuator.v1+json || application/json]}" onto public org.springframework.http.ResponseEntity<?> org.springframework.boot.actuate.endpoint.mvc.AuditEventsMvcEndpoint.findByPrincipalAndAfterAndType(java.lang.String,java.util.Date,java.lang.String)
[2m2018-06-11 17:01:54.019[0;39m [32m INFO[0;39m [35m66[0;39m [2m---[0;39m [2m[           main][0;39m [36mo.s.b.a.e.mvc.EndpointHandlerMapping    [0;39m [2m:[0;39m Mapped "{[/routes || /routes.json],methods=[GET],params=[format],produces=[application/vnd.spring-boot.actuator.v1+json || application/json]}" onto public java.lang.Object org.springframework.cloud.netflix.zuul.RoutesMvcEndpoint.invokeRouteDetails(java.lang.String)
[2m2018-06-11 17:01:54.071[0;39m [32m INFO[0;39m [35m66[0;39m [2m---[0;39m [2m[           main][0;39m [36mo.s.b.a.e.mvc.EndpointHandlerMapping    [0;39m [2m:[0;39m Mapped "{[/routes || /routes.json],methods=[POST]}" onto public java.lang.Object org.springframework.cloud.netflix.zuul.RoutesMvcEndpoint.reset()
[2m2018-06-11 17:01:54.099[0;39m [32m INFO[0;39m [35m66[0;39m [2m---[0;39m [2m[           main][0;39m [36mo.s.b.a.e.mvc.EndpointHandlerMapping    [0;39m [2m:[0;39m Mapped "{[/routes || /routes.json],methods=[GET],produces=[application/vnd.spring-boot.actuator.v1+json || application/json]}" onto public java.lang.Object org.springframework.boot.actuate.endpoint.mvc.EndpointMvcAdapter.invoke()
[2m2018-06-11 17:01:54.159[0;39m [32m INFO[0;39m [35m66[0;39m [2m---[0;39m [2m[           main][0;39m [36mo.s.b.a.e.mvc.EndpointHandlerMapping    [0;39m [2m:[0;39m Mapped "{[/mappings || /mappings.json],methods=[GET],produces=[application/vnd.spring-boot.actuator.v1+json || application/json]}" onto public java.lang.Object org.springframework.boot.actuate.endpoint.mvc.EndpointMvcAdapter.invoke()
[2m2018-06-11 17:01:54.219[0;39m [32m INFO[0;39m [35m66[0;39m [2m---[0;39m [2m[           main][0;39m [36mo.s.b.a.e.mvc.EndpointHandlerMapping    [0;39m [2m:[0;39m Mapped "{[/trace || /trace.json],methods=[GET],produces=[application/vnd.spring-boot.actuator.v1+json || application/json]}" onto public java.lang.Object org.springframework.boot.actuate.endpoint.mvc.EndpointMvcAdapter.invoke()
[2m2018-06-11 17:01:54.262[0;39m [32m INFO[0;39m [35m66[0;39m [2m---[0;39m [2m[           main][0;39m [36mo.s.b.a.e.mvc.EndpointHandlerMapping    [0;39m [2m:[0;39m Mapped "{[/archaius || /archaius.json],methods=[GET],produces=[application/vnd.spring-boot.actuator.v1+json || application/json]}" onto public java.lang.Object org.springframework.boot.actuate.endpoint.mvc.EndpointMvcAdapter.invoke()
[2m2018-06-11 17:01:54.296[0;39m [32m INFO[0;39m [35m66[0;39m [2m---[0;39m [2m[           main][0;39m [36mo.s.b.a.e.mvc.EndpointHandlerMapping    [0;39m [2m:[0;39m Mapped "{[/filters || /filters.json],methods=[GET],produces=[application/vnd.spring-boot.actuator.v1+json || application/json]}" onto public java.lang.Object org.springframework.boot.actuate.endpoint.mvc.EndpointMvcAdapter.invoke()
[2m2018-06-11 17:01:54.315[0;39m [32m INFO[0;39m [35m66[0;39m [2m---[0;39m [2m[           main][0;39m [36mo.s.b.a.e.mvc.EndpointHandlerMapping    [0;39m [2m:[0;39m Mapped "{[/hystrix.stream/**]}" onto public org.springframework.web.servlet.ModelAndView org.springframework.cloud.netflix.endpoint.ServletWrappingEndpoint.handle(javax.servlet.http.HttpServletRequest,javax.servlet.http.HttpServletResponse) throws java.lang.Exception
[2m2018-06-11 17:01:54.448[0;39m [32m INFO[0;39m [35m66[0;39m [2m---[0;39m [2m[           main][0;39m [36mo.s.b.a.e.mvc.EndpointHandlerMapping    [0;39m [2m:[0;39m Mapped "{[/env/{name:.*}],methods=[GET],produces=[application/vnd.spring-boot.actuator.v1+json || application/json]}" onto public java.lang.Object org.springframework.boot.actuate.endpoint.mvc.EnvironmentMvcEndpoint.value(java.lang.String)
[2m2018-06-11 17:01:54.480[0;39m [32m INFO[0;39m [35m66[0;39m [2m---[0;39m [2m[           main][0;39m [36mo.s.b.a.e.mvc.EndpointHandlerMapping    [0;39m [2m:[0;39m Mapped "{[/env || /env.json],methods=[GET],produces=[application/vnd.spring-boot.actuator.v1+json || application/json]}" onto public java.lang.Object org.springframework.boot.actuate.endpoint.mvc.EndpointMvcAdapter.invoke()
[2m2018-06-11 17:01:54.504[0;39m [32m INFO[0;39m [35m66[0;39m [2m---[0;39m [2m[           main][0;39m [36mo.s.b.a.e.mvc.EndpointHandlerMapping    [0;39m [2m:[0;39m Mapped "{[/service-registry/instance-status],methods=[GET]}" onto public org.springframework.http.ResponseEntity org.springframework.cloud.client.serviceregistry.endpoint.ServiceRegistryEndpoint.getStatus()
[2m2018-06-11 17:01:54.551[0;39m [32m INFO[0;39m [35m66[0;39m [2m---[0;39m [2m[           main][0;39m [36mo.s.b.a.e.mvc.EndpointHandlerMapping    [0;39m [2m:[0;39m Mapped "{[/service-registry/instance-status],methods=[POST]}" onto public org.springframework.http.ResponseEntity<?> org.springframework.cloud.client.serviceregistry.endpoint.ServiceRegistryEndpoint.setStatus(java.lang.String)
[2m2018-06-11 17:01:54.585[0;39m [32m INFO[0;39m [35m66[0;39m [2m---[0;39m [2m[           main][0;39m [36mo.s.b.a.e.mvc.EndpointHandlerMapping    [0;39m [2m:[0;39m Mapped "{[/autoconfig || /autoconfig.json],methods=[GET],produces=[application/vnd.spring-boot.actuator.v1+json || application/json]}" onto public java.lang.Object org.springframework.boot.actuate.endpoint.mvc.EndpointMvcAdapter.invoke()
[2m2018-06-11 17:01:54.598[0;39m [32m INFO[0;39m [35m66[0;39m [2m---[0;39m [2m[           main][0;39m [36mo.s.b.a.e.mvc.EndpointHandlerMapping    [0;39m [2m:[0;39m Mapped "{[/health || /health.json],methods=[GET],produces=[application/vnd.spring-boot.actuator.v1+json || application/json]}" onto public java.lang.Object org.springframework.boot.actuate.endpoint.mvc.HealthMvcEndpoint.invoke(javax.servlet.http.HttpServletRequest,java.security.Principal)
[2m2018-06-11 17:01:54.619[0;39m [32m INFO[0;39m [35m66[0;39m [2m---[0;39m [2m[           main][0;39m [36mo.s.b.a.e.mvc.EndpointHandlerMapping    [0;39m [2m:[0;39m Mapped "{[/refresh || /refresh.json],methods=[POST]}" onto public java.lang.Object org.springframework.cloud.endpoint.GenericPostableMvcEndpoint.invoke()
[2m2018-06-11 17:01:54.661[0;39m [32m INFO[0;39m [35m66[0;39m [2m---[0;39m [2m[           main][0;39m [36mo.s.b.a.e.mvc.EndpointHandlerMapping    [0;39m [2m:[0;39m Mapped "{[/metrics/{name:.*}],methods=[GET],produces=[application/vnd.spring-boot.actuator.v1+json || application/json]}" onto public java.lang.Object org.springframework.boot.actuate.endpoint.mvc.MetricsMvcEndpoint.value(java.lang.String)
[2m2018-06-11 17:01:54.668[0;39m [32m INFO[0;39m [35m66[0;39m [2m---[0;39m [2m[           main][0;39m [36mo.s.b.a.e.mvc.EndpointHandlerMapping    [0;39m [2m:[0;39m Mapped "{[/metrics || /metrics.json],methods=[GET],produces=[application/vnd.spring-boot.actuator.v1+json || application/json]}" onto public java.lang.Object org.springframework.boot.actuate.endpoint.mvc.EndpointMvcAdapter.invoke()
[2m2018-06-11 17:01:54.718[0;39m [32m INFO[0;39m [35m66[0;39m [2m---[0;39m [2m[           main][0;39m [36mo.s.b.a.e.mvc.EndpointHandlerMapping    [0;39m [2m:[0;39m Mapped "{[/features || /features.json],methods=[GET],produces=[application/vnd.spring-boot.actuator.v1+json || application/json]}" onto public java.lang.Object org.springframework.boot.actuate.endpoint.mvc.EndpointMvcAdapter.invoke()
[2m2018-06-11 17:01:54.790[0;39m [32m INFO[0;39m [35m66[0;39m [2m---[0;39m [2m[           main][0;39m [36mo.s.b.a.e.mvc.EndpointHandlerMapping    [0;39m [2m:[0;39m Mapped "{[/heapdump || /heapdump.json],methods=[GET],produces=[application/octet-stream]}" onto public void org.springframework.boot.actuate.endpoint.mvc.HeapdumpMvcEndpoint.invoke(boolean,javax.servlet.http.HttpServletRequest,javax.servlet.http.HttpServletResponse) throws java.io.IOException,javax.servlet.ServletException
[2m2018-06-11 17:01:54.842[0;39m [32m INFO[0;39m [35m66[0;39m [2m---[0;39m [2m[           main][0;39m [36mo.s.b.a.e.mvc.EndpointHandlerMapping    [0;39m [2m:[0;39m Mapped "{[/beans || /beans.json],methods=[GET],produces=[application/vnd.spring-boot.actuator.v1+json || application/json]}" onto public java.lang.Object org.springframework.boot.actuate.endpoint.mvc.EndpointMvcAdapter.invoke()
[2m2018-06-11 17:01:54.884[0;39m [32m INFO[0;39m [35m66[0;39m [2m---[0;39m [2m[           main][0;39m [36mo.s.b.a.e.mvc.EndpointHandlerMapping    [0;39m [2m:[0;39m Mapped "{[/loggers/{name:.*}],methods=[GET],produces=[application/vnd.spring-boot.actuator.v1+json || application/json]}" onto public java.lang.Object org.springframework.boot.actuate.endpoint.mvc.LoggersMvcEndpoint.get(java.lang.String)
[2m2018-06-11 17:01:54.942[0;39m [32m INFO[0;39m [35m66[0;39m [2m---[0;39m [2m[           main][0;39m [36mo.s.b.a.e.mvc.EndpointHandlerMapping    [0;39m [2m:[0;39m Mapped "{[/loggers/{name:.*}],methods=[POST],consumes=[application/vnd.spring-boot.actuator.v1+json || application/json],produces=[application/vnd.spring-boot.actuator.v1+json || application/json]}" onto public java.lang.Object org.springframework.boot.actuate.endpoint.mvc.LoggersMvcEndpoint.set(java.lang.String,java.util.Map<java.lang.String, java.lang.String>)
[2m2018-06-11 17:01:54.943[0;39m [32m INFO[0;39m [35m66[0;39m [2m---[0;39m [2m[           main][0;39m [36mo.s.b.a.e.mvc.EndpointHandlerMapping    [0;39m [2m:[0;39m Mapped "{[/loggers || /loggers.json],methods=[GET],produces=[application/vnd.spring-boot.actuator.v1+json || application/json]}" onto public java.lang.Object org.springframework.boot.actuate.endpoint.mvc.EndpointMvcAdapter.invoke()
[2m2018-06-11 17:01:54.961[0;39m [32m INFO[0;39m [35m66[0;39m [2m---[0;39m [2m[           main][0;39m [36mo.s.b.a.e.mvc.EndpointHandlerMapping    [0;39m [2m:[0;39m Mapped "{[/dump || /dump.json],methods=[GET],produces=[application/vnd.spring-boot.actuator.v1+json || application/json]}" onto public java.lang.Object org.springframework.boot.actuate.endpoint.mvc.EndpointMvcAdapter.invoke()
[2m2018-06-11 17:01:54.985[0;39m [32m INFO[0;39m [35m66[0;39m [2m---[0;39m [2m[           main][0;39m [36mo.s.b.a.e.mvc.EndpointHandlerMapping    [0;39m [2m:[0;39m Mapped "{[/env],methods=[POST]}" onto public java.lang.Object org.springframework.cloud.context.environment.EnvironmentManagerMvcEndpoint.value(java.util.Map<java.lang.String, java.lang.String>)
[2m2018-06-11 17:01:54.995[0;39m [32m INFO[0;39m [35m66[0;39m [2m---[0;39m [2m[           main][0;39m [36mo.s.b.a.e.mvc.EndpointHandlerMapping    [0;39m [2m:[0;39m Mapped "{[/env/reset],methods=[POST]}" onto public java.util.Map<java.lang.String, java.lang.Object> org.springframework.cloud.context.environment.EnvironmentManagerMvcEndpoint.reset()
[2m2018-06-11 17:01:55.021[0;39m [32m INFO[0;39m [35m66[0;39m [2m---[0;39m [2m[           main][0;39m [36mo.s.b.a.e.mvc.EndpointHandlerMapping    [0;39m [2m:[0;39m Mapped "{[/info || /info.json],methods=[GET],produces=[application/vnd.spring-boot.actuator.v1+json || application/json]}" onto public java.lang.Object org.springframework.boot.actuate.endpoint.mvc.EndpointMvcAdapter.invoke()
[2m2018-06-11 17:01:55.030[0;39m [32m INFO[0;39m [35m66[0;39m [2m---[0;39m [2m[           main][0;39m [36mo.s.b.a.e.mvc.EndpointHandlerMapping    [0;39m [2m:[0;39m Mapped "{[/configprops || /configprops.json],methods=[GET],produces=[application/vnd.spring-boot.actuator.v1+json || application/json]}" onto public java.lang.Object org.springframework.boot.actuate.endpoint.mvc.EndpointMvcAdapter.invoke()
[2m2018-06-11 17:02:00.075[0;39m [32m INFO[0;39m [35m66[0;39m [2m---[0;39m [2m[           main][0;39m [36mo.s.c.n.zuul.ZuulFilterInitializer      [0;39m [2m:[0;39m Starting filter initializer
[2m2018-06-11 17:02:00.310[0;39m [33m WARN[0;39m [35m66[0;39m [2m---[0;39m [2m[           main][0;39m [36marterDeprecationWarningAutoConfiguration[0;39m [2m:[0;39m spring-cloud-starter-eureka is deprecated as of Spring Cloud Netflix 1.4.0, please migrate to spring-cloud-starter-netflix-eureka
[2m2018-06-11 17:02:00.618[0;39m [32m INFO[0;39m [35m66[0;39m [2m---[0;39m [2m[           main][0;39m [36mo.s.j.e.a.AnnotationMBeanExporter       [0;39m [2m:[0;39m Registering beans for JMX exposure on startup
[2m2018-06-11 17:02:00.700[0;39m [32m INFO[0;39m [35m66[0;39m [2m---[0;39m [2m[           main][0;39m [36mo.s.j.e.a.AnnotationMBeanExporter       [0;39m [2m:[0;39m Bean with name 'environmentManager' has been autodetected for JMX exposure
[2m2018-06-11 17:02:00.715[0;39m [32m INFO[0;39m [35m66[0;39m [2m---[0;39m [2m[           main][0;39m [36mo.s.j.e.a.AnnotationMBeanExporter       [0;39m [2m:[0;39m Bean with name 'configurationPropertiesRebinder' has been autodetected for JMX exposure
[2m2018-06-11 17:02:00.720[0;39m [32m INFO[0;39m [35m66[0;39m [2m---[0;39m [2m[           main][0;39m [36mo.s.j.e.a.AnnotationMBeanExporter       [0;39m [2m:[0;39m Bean with name 'refreshEndpoint' has been autodetected for JMX exposure
[2m2018-06-11 17:02:00.756[0;39m [32m INFO[0;39m [35m66[0;39m [2m---[0;39m [2m[           main][0;39m [36mo.s.j.e.a.AnnotationMBeanExporter       [0;39m [2m:[0;39m Bean with name 'serviceRegistryEndpoint' has been autodetected for JMX exposure
[2m2018-06-11 17:02:00.766[0;39m [32m INFO[0;39m [35m66[0;39m [2m---[0;39m [2m[           main][0;39m [36mo.s.j.e.a.AnnotationMBeanExporter       [0;39m [2m:[0;39m Bean with name 'routesEndpoint' has been autodetected for JMX exposure
[2m2018-06-11 17:02:00.776[0;39m [32m INFO[0;39m [35m66[0;39m [2m---[0;39m [2m[           main][0;39m [36mo.s.j.e.a.AnnotationMBeanExporter       [0;39m [2m:[0;39m Bean with name 'routesMvcEndpoint' has been autodetected for JMX exposure
[2m2018-06-11 17:02:00.795[0;39m [32m INFO[0;39m [35m66[0;39m [2m---[0;39m [2m[           main][0;39m [36mo.s.j.e.a.AnnotationMBeanExporter       [0;39m [2m:[0;39m Bean with name 'filtersEndpoint' has been autodetected for JMX exposure
[2m2018-06-11 17:02:00.811[0;39m [32m INFO[0;39m [35m66[0;39m [2m---[0;39m [2m[           main][0;39m [36mo.s.j.e.a.AnnotationMBeanExporter       [0;39m [2m:[0;39m Bean with name 'refreshScope' has been autodetected for JMX exposure
[2m2018-06-11 17:02:00.825[0;39m [32m INFO[0;39m [35m66[0;39m [2m---[0;39m [2m[           main][0;39m [36mo.s.j.e.a.AnnotationMBeanExporter       [0;39m [2m:[0;39m Located managed bean 'environmentManager': registering with JMX server as MBean [org.springframework.cloud.context.environment:name=environmentManager,type=EnvironmentManager]
[2m2018-06-11 17:02:00.910[0;39m [32m INFO[0;39m [35m66[0;39m [2m---[0;39m [2m[           main][0;39m [36mo.s.j.e.a.AnnotationMBeanExporter       [0;39m [2m:[0;39m Located managed bean 'routesEndpoint': registering with JMX server as MBean [org.springframework.cloud.netflix.zuul:name=routesEndpoint,type=RoutesEndpoint]
[2m2018-06-11 17:02:00.937[0;39m [33m WARN[0;39m [35m66[0;39m [2m---[0;39m [2m[           main][0;39m [36mo.s.j.e.a.AnnotationMBeanExporter       [0;39m [2m:[0;39m Bean with key 'routesEndpoint' has been registered as an MBean but has no exposed attributes or operations
[2m2018-06-11 17:02:00.946[0;39m [32m INFO[0;39m [35m66[0;39m [2m---[0;39m [2m[           main][0;39m [36mo.s.j.e.a.AnnotationMBeanExporter       [0;39m [2m:[0;39m Located managed bean 'routesMvcEndpoint': registering with JMX server as MBean [org.springframework.cloud.netflix.zuul:name=routesMvcEndpoint,type=RoutesMvcEndpoint]
[2m2018-06-11 17:02:00.994[0;39m [32m INFO[0;39m [35m66[0;39m [2m---[0;39m [2m[           main][0;39m [36mo.s.j.e.a.AnnotationMBeanExporter       [0;39m [2m:[0;39m Located managed bean 'serviceRegistryEndpoint': registering with JMX server as MBean [org.springframework.cloud.client.serviceregistry.endpoint:name=serviceRegistryEndpoint,type=ServiceRegistryEndpoint]
[2m2018-06-11 17:02:01.036[0;39m [32m INFO[0;39m [35m66[0;39m [2m---[0;39m [2m[           main][0;39m [36mo.s.j.e.a.AnnotationMBeanExporter       [0;39m [2m:[0;39m Located managed bean 'filtersEndpoint': registering with JMX server as MBean [org.springframework.cloud.netflix.zuul:name=filtersEndpoint,type=FiltersEndpoint]
[2m2018-06-11 17:02:01.041[0;39m [33m WARN[0;39m [35m66[0;39m [2m---[0;39m [2m[           main][0;39m [36mo.s.j.e.a.AnnotationMBeanExporter       [0;39m [2m:[0;39m Bean with key 'filtersEndpoint' has been registered as an MBean but has no exposed attributes or operations
[2m2018-06-11 17:02:01.057[0;39m [32m INFO[0;39m [35m66[0;39m [2m---[0;39m [2m[           main][0;39m [36mo.s.j.e.a.AnnotationMBeanExporter       [0;39m [2m:[0;39m Located managed bean 'refreshScope': registering with JMX server as MBean [org.springframework.cloud.context.scope.refresh:name=refreshScope,type=RefreshScope]
[2m2018-06-11 17:02:01.128[0;39m [32m INFO[0;39m [35m66[0;39m [2m---[0;39m [2m[           main][0;39m [36mo.s.j.e.a.AnnotationMBeanExporter       [0;39m [2m:[0;39m Located managed bean 'configurationPropertiesRebinder': registering with JMX server as MBean [org.springframework.cloud.context.properties:name=configurationPropertiesRebinder,context=5812f68b,type=ConfigurationPropertiesRebinder]
[2m2018-06-11 17:02:01.158[0;39m [32m INFO[0;39m [35m66[0;39m [2m---[0;39m [2m[           main][0;39m [36mo.s.j.e.a.AnnotationMBeanExporter       [0;39m [2m:[0;39m Located managed bean 'refreshEndpoint': registering with JMX server as MBean [org.springframework.cloud.endpoint:name=refreshEndpoint,type=RefreshEndpoint]
[2m2018-06-11 17:02:01.858[0;39m [32m INFO[0;39m [35m66[0;39m [2m---[0;39m [2m[           main][0;39m [36mo.s.c.support.DefaultLifecycleProcessor [0;39m [2m:[0;39m Starting beans in phase 0
[2m2018-06-11 17:02:01.924[0;39m [32m INFO[0;39m [35m66[0;39m [2m---[0;39m [2m[           main][0;39m [36mo.s.c.n.eureka.InstanceInfoFactory      [0;39m [2m:[0;39m Setting initial instance status as: STARTING
[2m2018-06-11 17:02:02.226[0;39m [32m INFO[0;39m [35m66[0;39m [2m---[0;39m [2m[           main][0;39m [36mcom.netflix.discovery.DiscoveryClient   [0;39m [2m:[0;39m Initializing Eureka in region us-east-1
[2m2018-06-11 17:02:02.643[0;39m [32m INFO[0;39m [35m66[0;39m [2m---[0;39m [2m[           main][0;39m [36mc.n.d.provider.DiscoveryJerseyProvider  [0;39m [2m:[0;39m Using JSON encoding codec LegacyJacksonJson
[2m2018-06-11 17:02:02.643[0;39m [32m INFO[0;39m [35m66[0;39m [2m---[0;39m [2m[           main][0;39m [36mc.n.d.provider.DiscoveryJerseyProvider  [0;39m [2m:[0;39m Using JSON decoding codec LegacyJacksonJson
[2m2018-06-11 17:02:03.243[0;39m [32m INFO[0;39m [35m66[0;39m [2m---[0;39m [2m[           main][0;39m [36mc.n.d.provider.DiscoveryJerseyProvider  [0;39m [2m:[0;39m Using XML encoding codec XStreamXml
[2m2018-06-11 17:02:03.244[0;39m [32m INFO[0;39m [35m66[0;39m [2m---[0;39m [2m[           main][0;39m [36mc.n.d.provider.DiscoveryJerseyProvider  [0;39m [2m:[0;39m Using XML decoding codec XStreamXml
[2m2018-06-11 17:02:04.330[0;39m [32m INFO[0;39m [35m66[0;39m [2m---[0;39m [2m[           main][0;39m [36mc.n.d.s.r.aws.ConfigClusterResolver     [0;39m [2m:[0;39m Resolving eureka endpoints via configuration
[2m2018-06-11 17:02:04.471[0;39m [32m INFO[0;39m [35m66[0;39m [2m---[0;39m [2m[           main][0;39m [36mcom.netflix.discovery.DiscoveryClient   [0;39m [2m:[0;39m Disable delta property : false
[2m2018-06-11 17:02:04.471[0;39m [32m INFO[0;39m [35m66[0;39m [2m---[0;39m [2m[           main][0;39m [36mcom.netflix.discovery.DiscoveryClient   [0;39m [2m:[0;39m Single vip registry refresh property : null
[2m2018-06-11 17:02:04.471[0;39m [32m INFO[0;39m [35m66[0;39m [2m---[0;39m [2m[           main][0;39m [36mcom.netflix.discovery.DiscoveryClient   [0;39m [2m:[0;39m Force full registry fetch : false
[2m2018-06-11 17:02:04.471[0;39m [32m INFO[0;39m [35m66[0;39m [2m---[0;39m [2m[           main][0;39m [36mcom.netflix.discovery.DiscoveryClient   [0;39m [2m:[0;39m Application is null : false
[2m2018-06-11 17:02:04.471[0;39m [32m INFO[0;39m [35m66[0;39m [2m---[0;39m [2m[           main][0;39m [36mcom.netflix.discovery.DiscoveryClient   [0;39m [2m:[0;39m Registered Applications size is zero : true
[2m2018-06-11 17:02:04.471[0;39m [32m INFO[0;39m [35m66[0;39m [2m---[0;39m [2m[           main][0;39m [36mcom.netflix.discovery.DiscoveryClient   [0;39m [2m:[0;39m Application version is -1: true
[2m2018-06-11 17:02:04.471[0;39m [32m INFO[0;39m [35m66[0;39m [2m---[0;39m [2m[           main][0;39m [36mcom.netflix.discovery.DiscoveryClient   [0;39m [2m:[0;39m Getting all instance registry info from the eureka server
[2m2018-06-11 17:02:06.677[0;39m [32m INFO[0;39m [35m66[0;39m [2m---[0;39m [2m[           main][0;39m [36mcom.netflix.discovery.DiscoveryClient   [0;39m [2m:[0;39m The response status is 200
[2m2018-06-11 17:02:06.681[0;39m [32m INFO[0;39m [35m66[0;39m [2m---[0;39m [2m[           main][0;39m [36mcom.netflix.discovery.DiscoveryClient   [0;39m [2m:[0;39m Starting heartbeat executor: renew interval is: 30
[2m2018-06-11 17:02:06.691[0;39m [32m INFO[0;39m [35m66[0;39m [2m---[0;39m [2m[           main][0;39m [36mc.n.discovery.InstanceInfoReplicator    [0;39m [2m:[0;39m InstanceInfoReplicator onDemand update allowed rate per min is 4
[2m2018-06-11 17:02:06.714[0;39m [32m INFO[0;39m [35m66[0;39m [2m---[0;39m [2m[           main][0;39m [36mcom.netflix.discovery.DiscoveryClient   [0;39m [2m:[0;39m Discovery Client initialized at timestamp 1528736526714 with initial instances count: 0
[2m2018-06-11 17:02:07.186[0;39m [32m INFO[0;39m [35m66[0;39m [2m---[0;39m [2m[           main][0;39m [36mo.s.c.n.e.s.EurekaServiceRegistry       [0;39m [2m:[0;39m Registering application api-gateway with eureka with status UP
[2m2018-06-11 17:02:07.195[0;39m [32m INFO[0;39m [35m66[0;39m [2m---[0;39m [2m[           main][0;39m [36mcom.netflix.discovery.DiscoveryClient   [0;39m [2m:[0;39m Saw local status change event StatusChangeEvent [timestamp=1528736527195, current=UP, previous=STARTING]
[2m2018-06-11 17:02:07.233[0;39m [32m INFO[0;39m [35m66[0;39m [2m---[0;39m [2m[nfoReplicator-0][0;39m [36mcom.netflix.discovery.DiscoveryClient   [0;39m [2m:[0;39m DiscoveryClient_API-GATEWAY/2379896a8df9:api-gateway: registering service...
[2m2018-06-11 17:02:07.851[0;39m [32m INFO[0;39m [35m66[0;39m [2m---[0;39m [2m[           main][0;39m [36mo.s.c.support.DefaultLifecycleProcessor [0;39m [2m:[0;39m Starting beans in phase 2147483647
[2m2018-06-11 17:02:07.876[0;39m [32m INFO[0;39m [35m66[0;39m [2m---[0;39m [2m[           main][0;39m [36mration$HystrixMetricsPollerConfiguration[0;39m [2m:[0;39m Starting poller
[2m2018-06-11 17:02:08.360[0;39m [32m INFO[0;39m [35m66[0;39m [2m---[0;39m [2m[nfoReplicator-0][0;39m [36mcom.netflix.discovery.DiscoveryClient   [0;39m [2m:[0;39m DiscoveryClient_API-GATEWAY/2379896a8df9:api-gateway - registration status: 204
[2m2018-06-11 17:02:08.493[0;39m [32m INFO[0;39m [35m66[0;39m [2m---[0;39m [2m[           main][0;39m [36ms.b.c.e.t.TomcatEmbeddedServletContainer[0;39m [2m:[0;39m Tomcat started on port(s): 8080 (http)
[2m2018-06-11 17:02:08.495[0;39m [32m INFO[0;39m [35m66[0;39m [2m---[0;39m [2m[           main][0;39m [36m.s.c.n.e.s.EurekaAutoServiceRegistration[0;39m [2m:[0;39m Updating port to 8080
[2m2018-06-11 17:02:08.506[0;39m [32m INFO[0;39m [35m66[0;39m [2m---[0;39m [2m[           main][0;39m [36mc.e.apigateway.ZuulGatewayApplication   [0;39m [2m:[0;39m Started ZuulGatewayApplication in 109.182 seconds (JVM running for 117.758)
[2m2018-06-11 17:02:36.685[0;39m [32m INFO[0;39m [35m66[0;39m [2m---[0;39m [2m[freshExecutor-0][0;39m [36mcom.netflix.discovery.DiscoveryClient   [0;39m [2m:[0;39m Disable delta property : false
[2m2018-06-11 17:02:36.687[0;39m [32m INFO[0;39m [35m66[0;39m [2m---[0;39m [2m[freshExecutor-0][0;39m [36mcom.netflix.discovery.DiscoveryClient   [0;39m [2m:[0;39m Single vip registry refresh property : null
[2m2018-06-11 17:02:36.688[0;39m [32m INFO[0;39m [35m66[0;39m [2m---[0;39m [2m[freshExecutor-0][0;39m [36mcom.netflix.discovery.DiscoveryClient   [0;39m [2m:[0;39m Force full registry fetch : false
[2m2018-06-11 17:02:36.688[0;39m [32m INFO[0;39m [35m66[0;39m [2m---[0;39m [2m[freshExecutor-0][0;39m [36mcom.netflix.discovery.DiscoveryClient   [0;39m [2m:[0;39m Application is null : false
[2m2018-06-11 17:02:36.688[0;39m [32m INFO[0;39m [35m66[0;39m [2m---[0;39m [2m[freshExecutor-0][0;39m [36mcom.netflix.discovery.DiscoveryClient   [0;39m [2m:[0;39m Registered Applications size is zero : true
[2m2018-06-11 17:02:36.688[0;39m [32m INFO[0;39m [35m66[0;39m [2m---[0;39m [2m[freshExecutor-0][0;39m [36mcom.netflix.discovery.DiscoveryClient   [0;39m [2m:[0;39m Application version is -1: false
[2m2018-06-11 17:02:36.688[0;39m [32m INFO[0;39m [35m66[0;39m [2m---[0;39m [2m[freshExecutor-0][0;39m [36mcom.netflix.discovery.DiscoveryClient   [0;39m [2m:[0;39m Getting all instance registry info from the eureka server
[2m2018-06-11 17:02:37.011[0;39m [32m INFO[0;39m [35m66[0;39m [2m---[0;39m [2m[freshExecutor-0][0;39m [36mcom.netflix.discovery.DiscoveryClient   [0;39m [2m:[0;39m The response status is 200
[2m2018-06-11 17:03:43.232[0;39m [32m INFO[0;39m [35m66[0;39m [2m---[0;39m [2m[nio-8080-exec-1][0;39m [36mo.a.c.c.C.[Tomcat].[localhost].[/]      [0;39m [2m:[0;39m Initializing Spring FrameworkServlet 'dispatcherServlet'
[2m2018-06-11 17:03:43.233[0;39m [32m INFO[0;39m [35m66[0;39m [2m---[0;39m [2m[nio-8080-exec-1][0;39m [36mo.s.web.servlet.DispatcherServlet       [0;39m [2m:[0;39m FrameworkServlet 'dispatcherServlet': initialization started
[2m2018-06-11 17:03:43.462[0;39m [32m INFO[0;39m [35m66[0;39m [2m---[0;39m [2m[nio-8080-exec-1][0;39m [36mo.s.web.servlet.DispatcherServlet       [0;39m [2m:[0;39m FrameworkServlet 'dispatcherServlet': initialization completed in 227 ms
[2m2018-06-11 17:03:43.539[0;39m [32m INFO[0;39m [35m66[0;39m [2m---[0;39m [2m[nio-8080-exec-1][0;39m [36mo.s.c.n.zuul.web.ZuulHandlerMapping     [0;39m [2m:[0;39m Mapped URL path [/moodchecker/**] onto handler of type [class org.springframework.cloud.netflix.zuul.web.ZuulController]
